#
# A fatal error has been detected by the Java Runtime Environment:
#
#  EXCEPTION_ACCESS_VIOLATION (0xc0000005) at pc=0x0000000002f883b6, pid=24108, tid=0x00000000000055c8
#
# JRE version: Java(TM) SE Runtime Environment (8.0_111-b14) (build 1.8.0_111-b14)
# Java VM: Java HotSpot(TM) 64-Bit Server VM (25.111-b14 mixed mode windows-amd64 compressed oops)
# Problematic frame:
# j  java.util.concurrent.DelayQueue.take()Ljava/util/concurrent/Delayed;+-571799268
#
# Failed to write core dump. Minidumps are not enabled by default on client versions of Windows
#
# If you would like to submit a bug report, please visit:
#   http://bugreport.java.com/bugreport/crash.jsp
#

---------------  T H R E A D  ---------------

Current thread (0x000000001b20d000):  JavaThread "TimerQueue" daemon [_thread_in_Java, id=21960, stack(0x000000001e0a0000,0x000000001e1a0000)]

siginfo: ExceptionCode=0xc0000005, reading address 0xffffffffffffffff

Registers:
RAX=0x00000000d6dc4e58, RBX=0x00000000000008a7, RCX=0x0000000011f29000, RDX=0x000000001c59b190
RSP=0x000000001e19f0c8, RBP=0x000000001e19f110, RSI=0x0000000000000000, RDI=0x00000000000002d0
R8 =0x00000000d6dc4e58, R9 =0x0000000000000001, R10=0x0000000000000000, R11=0x0000000000000246
R12=0x0000000000000000, R13=0x00fb8e0ffb8e0fb4, R14=0x000000001e19f158, R15=0x000000001b20d000
RIP=0x0000000002f883b6, EFLAGS=0x0000000000010246

Top of Stack: (sp=0x000000001e19f0c8)
0x000000001e19f0c8:   00000000d8508188 000000001e19f0d0
0x000000001e19f0d8:   00fb8e0ffb8e0fb4 000000001e19f158
0x000000001e19f0e8:   000000001da31980 0000000000000000
0x000000001e19f0f8:   000000001da307c0 0000000000000000
0x000000001e19f108:   000000001e19f158 000000001e19f1a0
0x000000001e19f118:   0000000002f880e0 0000000000000000
0x000000001e19f128:   0000000000000000 00000000d8508000
0x000000001e19f138:   000000002cb1c403 0000000000000000
0x000000001e19f148:   0000000000000000 00000000d85081e0
0x000000001e19f158:   00000000d85081c0 000000001e19f160
0x000000001e19f168:   000000001da2ec84 000000001e19f1d8
0x000000001e19f178:   000000001da2f138 0000000000000000
0x000000001e19f188:   000000001da2edd8 000000001e19f158
0x000000001e19f198:   000000001e19f1d8 000000001e19f220
0x000000001e19f1a8:   0000000002f883a2 0000000000000000
0x000000001e19f1b8:   0000000000000000 0000000000000000 

Instructions: (pc=0x0000000002f883b6)
0x0000000002f88396:   10 59 99 60 00 00 00 00 41 ff 24 da 48 8b 65 f0
0x0000000002f883a6:   48 c7 45 f0 00 00 00 00 4c 8b 6d c8 4c 8b 75 d0
0x0000000002f883b6:   41 0f b7 4d 01 48 8b 5d d8 c1 e1 02 8b 5c cb 28
0x0000000002f883c6:   81 e3 ff 00 00 00 48 8d 24 dc 41 0f b6 5d 05 49 


Register to memory mapping:

RAX=0x00000000d6dc4e58 is an oop
java.util.concurrent.locks.AbstractQueuedSynchronizer$Node 
 - klass: 'java/util/concurrent/locks/AbstractQueuedSynchronizer$Node'
RBX=0x00000000000008a7 is an unknown value
RCX=0x0000000011f29000 is an unknown value
RDX=0x000000001c59b190 is pointing into metadata
RSP=0x000000001e19f0c8 is pointing into the stack for thread: 0x000000001b20d000
RBP=0x000000001e19f110 is pointing into the stack for thread: 0x000000001b20d000
RSI=0x0000000000000000 is an unknown value
RDI=0x00000000000002d0 is an unknown value
R8 =0x00000000d6dc4e58 is an oop
java.util.concurrent.locks.AbstractQueuedSynchronizer$Node 
 - klass: 'java/util/concurrent/locks/AbstractQueuedSynchronizer$Node'
R9 =0x0000000000000001 is an unknown value
R10=0x0000000000000000 is an unknown value
R11=0x0000000000000246 is an unknown value
R12=0x0000000000000000 is an unknown value
R13=0x00fb8e0ffb8e0fb4 is an unknown value
R14=0x000000001e19f158 is pointing into the stack for thread: 0x000000001b20d000
R15=0x000000001b20d000 is a thread


Stack: [0x000000001e0a0000,0x000000001e1a0000],  sp=0x000000001e19f0c8,  free space=1020k
Native frames: (J=compiled Java code, j=interpreted, Vv=VM code, C=native code)
C  0x0000000002f883b6


---------------  P R O C E S S  ---------------

Java Threads: ( => current thread )
=>0x000000001b20d000 JavaThread "TimerQueue" daemon [_thread_in_Java, id=21960, stack(0x000000001e0a0000,0x000000001e1a0000)]
  0x000000001b17c000 JavaThread "Swing-Shell" daemon [_thread_blocked, id=20504, stack(0x000000001cff0000,0x000000001d0f0000)]
  0x0000000002e80800 JavaThread "DestroyJavaVM" [_thread_blocked, id=33304, stack(0x0000000002d50000,0x0000000002e50000)]
  0x000000001ad94000 JavaThread "AWT-EventQueue-0" [_thread_blocked, id=14288, stack(0x000000001c0b0000,0x000000001c1b0000)]
  0x000000001a11b000 JavaThread "AWT-Windows" daemon [_thread_in_native, id=7232, stack(0x000000001b690000,0x000000001b790000)]
  0x000000001ad3e000 JavaThread "AWT-Shutdown" [_thread_blocked, id=10000, stack(0x000000001b590000,0x000000001b690000)]
  0x000000001ad3d800 JavaThread "Java2D Disposer" daemon [_thread_blocked, id=23856, stack(0x000000001b490000,0x000000001b590000)]
  0x0000000019e34800 JavaThread "Service Thread" daemon [_thread_blocked, id=9372, stack(0x000000001a930000,0x000000001aa30000)]
  0x0000000019dad000 JavaThread "C1 CompilerThread3" daemon [_thread_blocked, id=428, stack(0x000000001a830000,0x000000001a930000)]
  0x0000000017e48000 JavaThread "C2 CompilerThread2" daemon [_thread_blocked, id=29064, stack(0x000000001a730000,0x000000001a830000)]
  0x0000000019d63800 JavaThread "C2 CompilerThread1" daemon [_thread_blocked, id=29896, stack(0x000000001a630000,0x000000001a730000)]
  0x0000000019d5f800 JavaThread "C2 CompilerThread0" daemon [_thread_blocked, id=21596, stack(0x000000001a530000,0x000000001a630000)]
  0x0000000019d59000 JavaThread "Attach Listener" daemon [_thread_blocked, id=28344, stack(0x000000001a430000,0x000000001a530000)]
  0x0000000019dab800 JavaThread "Signal Dispatcher" daemon [_thread_blocked, id=11008, stack(0x000000001a330000,0x000000001a430000)]
  0x0000000019d40800 JavaThread "Finalizer" daemon [_thread_blocked, id=31816, stack(0x000000001a120000,0x000000001a220000)]
  0x0000000002f76000 JavaThread "Reference Handler" daemon [_thread_blocked, id=27036, stack(0x0000000019c20000,0x0000000019d20000)]

Other Threads:
  0x0000000017e39800 VMThread [stack: 0x0000000019b20000,0x0000000019c20000] [id=31440]
  0x0000000019eb1800 WatcherThread [stack: 0x000000001aa30000,0x000000001ab30000] [id=32652]

VM state:not at safepoint (normal execution)

VM Mutex/Monitor currently owned by a thread: None

Heap:
 PSYoungGen      total 37888K, used 37885K [0x00000000d6500000, 0x00000000d8f00000, 0x0000000100000000)
  eden space 32768K, 100% used [0x00000000d6500000,0x00000000d8500000,0x00000000d8500000)
  from space 5120K, 99% used [0x00000000d8500000,0x00000000d89ff590,0x00000000d8a00000)
  to   space 5120K, 0% used [0x00000000d8a00000,0x00000000d8a00000,0x00000000d8f00000)
 ParOldGen       total 86016K, used 33879K [0x0000000082e00000, 0x0000000088200000, 0x00000000d6500000)
  object space 86016K, 39% used [0x0000000082e00000,0x0000000084f15c00,0x0000000088200000)
 Metaspace       used 15620K, capacity 15798K, committed 16128K, reserved 1062912K
  class space    used 1961K, capacity 2027K, committed 2048K, reserved 1048576K

Card table byte_map: [0x0000000012340000,0x0000000012730000] byte_map_base: 0x0000000011f29000

Marking Bits: (ParMarkBitMap*) 0x00000000609aa6c0
 Begin Bits: [0x00000000131d0000, 0x0000000015118000)
 End Bits:   [0x0000000015118000, 0x0000000017060000)

Polling page: 0x00000000009f0000

CodeCache: size=245760Kb used=6448Kb max_used=6448Kb free=239311Kb
 bounds [0x0000000002f80000, 0x00000000035d0000, 0x0000000011f80000]
 total_blobs=2515 nmethods=1934 adapters=493
 compilation: enabled

Compilation events (10 events):
Event: 31.842 Thread 0x0000000019dad000 nmethod 1927 0x00000000035c2350 code [0x00000000035c2780, 0x00000000035c5298]
Event: 31.842 Thread 0x0000000019dad000 1928   !   3       javax.swing.JComponent::recycleRectangle (27 bytes)
Event: 31.842 Thread 0x0000000019dad000 nmethod 1928 0x00000000035c6690 code [0x00000000035c6800, 0x00000000035c6bc8]
Event: 31.842 Thread 0x0000000019dad000 1930   !   3       sun.java2d.SunGraphics2D::drawImage (145 bytes)
Event: 31.843 Thread 0x0000000019dad000 nmethod 1930 0x00000000035c6d10 code [0x00000000035c6f80, 0x00000000035c83f8]
Event: 31.843 Thread 0x0000000019dad000 1931       3       sun.java2d.pipe.DrawImage::copyImage (60 bytes)
Event: 31.843 Thread 0x0000000019dad000 nmethod 1931 0x00000000035c8d10 code [0x00000000035c8ee0, 0x00000000035c96c8]
Event: 31.843 Thread 0x0000000019dad000 1929       3       javax.swing.RepaintManager::access$800 (4 bytes)
Event: 31.843 Thread 0x0000000019dad000 nmethod 1929 0x00000000035c9990 code [0x00000000035c9ae0, 0x00000000035c9c10]
Event: 31.847 Thread 0x0000000017e48000 nmethod 1926% 0x00000000035cd390 code [0x00000000035cd520, 0x00000000035cdfd8]

GC Heap History (2 events):
Event: 6.315 GC heap before
{Heap before GC invocations=1 (full 0):
 PSYoungGen      total 37888K, used 32768K [0x00000000d6500000, 0x00000000d8f00000, 0x0000000100000000)
  eden space 32768K, 100% used [0x00000000d6500000,0x00000000d8500000,0x00000000d8500000)
  from space 5120K, 0% used [0x00000000d8a00000,0x00000000d8a00000,0x00000000d8f00000)
  to   space 5120K, 0% used [0x00000000d8500000,0x00000000d8500000,0x00000000d8a00000)
 ParOldGen       total 86016K, used 0K [0x0000000082e00000, 0x0000000088200000, 0x00000000d6500000)
  object space 86016K, 0% used [0x0000000082e00000,0x0000000082e00000,0x0000000088200000)
 Metaspace       used 15136K, capacity 15382K, committed 15616K, reserved 1062912K
  class space    used 1930K, capacity 1995K, committed 2048K, reserved 1048576K
Event: 6.322 GC heap after
Heap after GC invocations=1 (full 0):
 PSYoungGen      total 37888K, used 5117K [0x00000000d6500000, 0x00000000d8f00000, 0x0000000100000000)
  eden space 32768K, 0% used [0x00000000d6500000,0x00000000d6500000,0x00000000d8500000)
  from space 5120K, 99% used [0x00000000d8500000,0x00000000d89ff590,0x00000000d8a00000)
  to   space 5120K, 0% used [0x00000000d8a00000,0x00000000d8a00000,0x00000000d8f00000)
 ParOldGen       total 86016K, used 15459K [0x0000000082e00000, 0x0000000088200000, 0x00000000d6500000)
  object space 86016K, 17% used [0x0000000082e00000,0x0000000083d18c88,0x0000000088200000)
 Metaspace       used 15136K, capacity 15382K, committed 15616K, reserved 1062912K
  class space    used 1930K, capacity 1995K, committed 2048K, reserved 1048576K
}

Deoptimization events (10 events):
Event: 6.336 Thread 0x000000001ad94000 Uncommon trap: reason=unstable_if action=reinterpret pc=0x000000000344ae9c method=sun.awt.image.OffScreenImageSource.sendPixels()V @ 663
Event: 6.336 Thread 0x000000001ad94000 Uncommon trap: reason=unstable_if action=reinterpret pc=0x000000000344518c method=sun.awt.image.ImageRepresentation.getOpaqueRGBImage()Ljava/awt/image/BufferedImage; @ 57
Event: 8.768 Thread 0x000000001ad94000 Uncommon trap: reason=unstable_if action=reinterpret pc=0x00000000034998d8 method=java.awt.Container.findComponentAtImpl(IIZ)Ljava/awt/Component; @ 131
Event: 12.302 Thread 0x000000001ad94000 Uncommon trap: reason=null_check action=make_not_entrant pc=0x00000000034f0b1c method=javax.swing.plaf.nimbus.NimbusDefaults$LazyStyle.matches(Ljava/awt/Component;I)Z @ 39
Event: 13.610 Thread 0x000000001ad94000 Uncommon trap: reason=unstable_if action=reinterpret pc=0x0000000003549034 method=pixelManipulation.Filters.Rotar([BLorg/opencv/core/Mat;DD)Lorg/opencv/core/Mat; @ 22
Event: 14.636 Thread 0x000000001ad94000 Uncommon trap: reason=unstable_if action=reinterpret pc=0x000000000355dd38 method=pixelManipulation.Filters.Rotar([BLorg/opencv/core/Mat;DD)Lorg/opencv/core/Mat; @ 109
Event: 14.700 Thread 0x000000001ad94000 Uncommon trap: reason=unstable_if action=reinterpret pc=0x00000000035644f8 method=pixelManipulation.Filters.Rotar([BLorg/opencv/core/Mat;DD)Lorg/opencv/core/Mat; @ 97
Event: 14.701 Thread 0x000000001ad94000 Uncommon trap: reason=unstable_if action=reinterpret pc=0x0000000003468e20 method=java.awt.image.ComponentColorModel.getRGB(Ljava/lang/Object;)I @ 4
Event: 14.701 Thread 0x000000001ad94000 Uncommon trap: reason=unstable_if action=reinterpret pc=0x000000000344474c method=java.awt.image.ReplicateScaleFilter.setPixels(IIIILjava/awt/image/ColorModel;[III)V @ 4
Event: 14.752 Thread 0x000000001ad94000 Uncommon trap: reason=range_check action=make_not_entrant pc=0x0000000003463594 method=java.awt.image.DirectColorModel.setFields()V @ 65

Internal exceptions (10 events):
Event: 0.225 Thread 0x0000000002e80800 Exception <a 'java/lang/ClassNotFoundException': Tree> (0x00000000d6943fe8) thrown at [C:\re\workspace\8-2-build-windows-amd64-cygwin\jdk8u111\7883\hotspot\src\share\vm\classfile\systemDictionary.cpp, line 210]
Event: 0.225 Thread 0x0000000002e80800 Exception <a 'java/lang/ClassNotFoundException': Tree> (0x00000000d6944728) thrown at [C:\re\workspace\8-2-build-windows-amd64-cygwin\jdk8u111\7883\hotspot\src\share\vm\classfile\systemDictionary.cpp, line 210]
Event: 0.225 Thread 0x0000000002e80800 Exception <a 'java/lang/ClassNotFoundException': javax/swing/JTreeCell> (0x00000000d6944aa8) thrown at [C:\re\workspace\8-2-build-windows-amd64-cygwin\jdk8u111\7883\hotspot\src\share\vm\classfile\systemDictionary.cpp, line 210]
Event: 0.225 Thread 0x0000000002e80800 Exception <a 'java/lang/ClassNotFoundException': TreeCell> (0x00000000d6944f30) thrown at [C:\re\workspace\8-2-build-windows-amd64-cygwin\jdk8u111\7883\hotspot\src\share\vm\classfile\systemDictionary.cpp, line 210]
Event: 0.225 Thread 0x0000000002e80800 Exception <a 'java/lang/ClassNotFoundException': RootPane> (0x00000000d69458e8) thrown at [C:\re\workspace\8-2-build-windows-amd64-cygwin\jdk8u111\7883\hotspot\src\share\vm\classfile\systemDictionary.cpp, line 210]
Event: 12.302 Thread 0x000000001ad94000 Implicit null exception at 0x00000000034ed3f0 to 0x00000000034f0af9
Event: 13.610 Thread 0x000000001ad94000 Exception <a 'java/lang/Exception': unknown exception> (0x00000000d79006e8) thrown at [C:\re\workspace\8-2-build-windows-amd64-cygwin\jdk8u111\7883\hotspot\src\share\vm\prims\jni.cpp, line 735]
Event: 13.610 Thread 0x000000001ad94000 Exception <a 'java/security/PrivilegedActionException'> (0x00000000d7900ad8) thrown at [C:\re\workspace\8-2-build-windows-amd64-cygwin\jdk8u111\7883\hotspot\src\share\vm\prims\jvm.cpp, line 1386]
Event: 13.610 Thread 0x000000001ad94000 Exception <a 'java/security/PrivilegedActionException'> (0x00000000d7900ce8) thrown at [C:\re\workspace\8-2-build-windows-amd64-cygwin\jdk8u111\7883\hotspot\src\share\vm\prims\jvm.cpp, line 1386]
Event: 14.701 Thread 0x000000001ad94000 Implicit null exception at 0x0000000003443f4d to 0x0000000003444739

Events (10 events):
Event: 17.139 loading class java/awt/GridBagLayoutInfo
Event: 17.139 loading class java/awt/GridBagLayoutInfo done
Event: 17.141 loading class javax/swing/JOptionPane$1
Event: 17.141 loading class javax/swing/JOptionPane$1 done
Event: 17.141 loading class javax/swing/JOptionPane$2
Event: 17.141 loading class javax/swing/JOptionPane$2 done
Event: 17.141 loading class javax/swing/JOptionPane$3
Event: 17.141 loading class javax/swing/JOptionPane$3 done
Event: 17.152 loading class javax/swing/plaf/nimbus/OptionPanePainter
Event: 17.152 loading class javax/swing/plaf/nimbus/OptionPanePainter done


Dynamic libraries:
0x00007ff735930000 - 0x00007ff735967000 	C:\Program Files\Java\jdk1.8.0_111\bin\java.exe
0x00007ffcb6450000 - 0x00007ffcb6631000 	C:\WINDOWS\SYSTEM32\ntdll.dll
0x00007ffcb5f90000 - 0x00007ffcb6041000 	C:\WINDOWS\System32\KERNEL32.DLL
0x00007ffcb3080000 - 0x00007ffcb32f3000 	C:\WINDOWS\System32\KERNELBASE.dll
0x00007ffcb38e0000 - 0x00007ffcb3981000 	C:\WINDOWS\System32\ADVAPI32.dll
0x00007ffcb44f0000 - 0x00007ffcb458e000 	C:\WINDOWS\System32\msvcrt.dll
0x00007ffcb4310000 - 0x00007ffcb436b000 	C:\WINDOWS\System32\sechost.dll
0x00007ffcb5e50000 - 0x00007ffcb5f74000 	C:\WINDOWS\System32\RPCRT4.dll
0x00007ffcb3990000 - 0x00007ffcb3b20000 	C:\WINDOWS\System32\USER32.dll
0x00007ffcb37e0000 - 0x00007ffcb3800000 	C:\WINDOWS\System32\win32u.dll
0x00007ffcb3b50000 - 0x00007ffcb3b78000 	C:\WINDOWS\System32\GDI32.dll
0x00007ffcb3590000 - 0x00007ffcb3721000 	C:\WINDOWS\System32\gdi32full.dll
0x00007ffcb3300000 - 0x00007ffcb339f000 	C:\WINDOWS\System32\msvcp_win.dll
0x00007ffcb2870000 - 0x00007ffcb2968000 	C:\WINDOWS\System32\ucrtbase.dll
0x00007ffca4520000 - 0x00007ffca4789000 	C:\WINDOWS\WinSxS\amd64_microsoft.windows.common-controls_6595b64144ccf1df_6.0.17134.829_none_fb46a5473061b9d5\COMCTL32.dll
0x00007ffcb6050000 - 0x00007ffcb6372000 	C:\WINDOWS\System32\combase.dll
0x00007ffcb3860000 - 0x00007ffcb38da000 	C:\WINDOWS\System32\bcryptPrimitives.dll
0x00007ffcb3b20000 - 0x00007ffcb3b4d000 	C:\WINDOWS\System32\IMM32.DLL
0x0000000060c20000 - 0x0000000060cf2000 	C:\Program Files\Java\jdk1.8.0_111\jre\bin\msvcr100.dll
0x0000000060190000 - 0x0000000060a2a000 	C:\Program Files\Java\jdk1.8.0_111\jre\bin\server\jvm.dll
0x00007ffcb3b80000 - 0x00007ffcb3b88000 	C:\WINDOWS\System32\PSAPI.DLL
0x00007ffcad150000 - 0x00007ffcad159000 	C:\WINDOWS\SYSTEM32\WSOCK32.dll
0x00007ffca6ce0000 - 0x00007ffca6d03000 	C:\WINDOWS\SYSTEM32\WINMM.dll
0x00007ffcadc00000 - 0x00007ffcadc0a000 	C:\WINDOWS\SYSTEM32\VERSION.dll
0x00007ffcb5de0000 - 0x00007ffcb5e4c000 	C:\WINDOWS\System32\WS2_32.dll
0x00007ffca5ce0000 - 0x00007ffca5d0a000 	C:\WINDOWS\SYSTEM32\winmmbase.dll
0x00007ffcb2820000 - 0x00007ffcb2869000 	C:\WINDOWS\System32\cfgmgr32.dll
0x0000000062330000 - 0x000000006233f000 	C:\Program Files\Java\jdk1.8.0_111\jre\bin\verify.dll
0x0000000060160000 - 0x0000000060189000 	C:\Program Files\Java\jdk1.8.0_111\jre\bin\java.dll
0x0000000060140000 - 0x0000000060156000 	C:\Program Files\Java\jdk1.8.0_111\jre\bin\zip.dll
0x00007ffcb4990000 - 0x00007ffcb5dd0000 	C:\WINDOWS\System32\SHELL32.dll
0x00007ffcb46e0000 - 0x00007ffcb4789000 	C:\WINDOWS\System32\shcore.dll
0x00007ffcb2970000 - 0x00007ffcb307d000 	C:\WINDOWS\System32\windows.storage.dll
0x00007ffcb4790000 - 0x00007ffcb47e1000 	C:\WINDOWS\System32\shlwapi.dll
0x00007ffcb27f0000 - 0x00007ffcb2801000 	C:\WINDOWS\System32\kernel.appcore.dll
0x00007ffcb2780000 - 0x00007ffcb279f000 	C:\WINDOWS\System32\profapi.dll
0x00007ffcb27a0000 - 0x00007ffcb27ec000 	C:\WINDOWS\System32\powrprof.dll
0x00007ffcb2810000 - 0x00007ffcb281a000 	C:\WINDOWS\System32\FLTLIB.DLL
0x000000005ff60000 - 0x00000000600f8000 	C:\Program Files\Java\jdk1.8.0_111\jre\bin\awt.dll
0x00007ffcb4610000 - 0x00007ffcb46d2000 	C:\WINDOWS\System32\OLEAUT32.dll
0x00007ffcafad0000 - 0x00007ffcafb5b000 	C:\WINDOWS\SYSTEM32\apphelp.dll
0x00007ffcb0810000 - 0x00007ffcb08a8000 	C:\WINDOWS\system32\uxtheme.dll
0x00007ffcb4370000 - 0x00007ffcb44e3000 	C:\WINDOWS\System32\MSCTF.dll
0x00007ffcb0ad0000 - 0x00007ffcb0af9000 	C:\WINDOWS\system32\dwmapi.dll
0x00007ffcb3b90000 - 0x00007ffcb3ce1000 	C:\WINDOWS\System32\ole32.dll
0x000000005ff10000 - 0x000000005ff57000 	C:\Program Files\Java\jdk1.8.0_111\jre\bin\fontmanager.dll
0x0000000060120000 - 0x000000006013a000 	C:\Program Files\Java\jdk1.8.0_111\jre\bin\net.dll
0x00007ffcb1f80000 - 0x00007ffcb1fe6000 	C:\WINDOWS\system32\mswsock.dll
0x0000000060100000 - 0x0000000060111000 	C:\Program Files\Java\jdk1.8.0_111\jre\bin\nio.dll
0x000000005fec0000 - 0x000000005ff02000 	C:\Program Files\Java\jdk1.8.0_111\jre\bin\t2k.dll
0x00007ffc3e540000 - 0x00007ffc3fdc5000 	C:\Users\farao\OneDrive\Documentos\Procesamiento de Imagenes\Practica2_IM\Practica2_IM\x64\opencv_java300.dll
0x00007ffc96010000 - 0x00007ffc96039000 	C:\WINDOWS\SYSTEM32\MSVFW32.dll
0x00007ffc9b0c0000 - 0x00007ffc9b0df000 	C:\WINDOWS\SYSTEM32\AVIFIL32.dll
0x00007ffca9e50000 - 0x00007ffca9e68000 	C:\WINDOWS\SYSTEM32\AVICAP32.dll
0x00007ffca7910000 - 0x00007ffca792c000 	C:\WINDOWS\SYSTEM32\MSACM32.dll
0x00007ffc9dae0000 - 0x00007ffc9db76000 	C:\WINDOWS\System32\TextInputFramework.dll
0x00007ffc9b490000 - 0x00007ffc9b7ae000 	C:\WINDOWS\System32\CoreUIComponents.dll
0x00007ffcaf6f0000 - 0x00007ffcaf7ca000 	C:\WINDOWS\System32\CoreMessaging.dll
0x00007ffcadea0000 - 0x00007ffcadfed000 	C:\WINDOWS\SYSTEM32\wintypes.dll
0x00007ffcb1830000 - 0x00007ffcb1861000 	C:\WINDOWS\SYSTEM32\ntmarta.dll
0x000000005fe90000 - 0x000000005feba000 	C:\Program Files\Java\jdk1.8.0_111\jre\bin\dcpr.dll
0x00007ffca0f50000 - 0x00007ffca0ff7000 	C:\WINDOWS\WinSxS\amd64_microsoft.windows.common-controls_6595b64144ccf1df_5.82.17134.829_none_f94fe9573097fa34\comctl32.dll
0x00007ffcb6380000 - 0x00007ffcb6420000 	C:\WINDOWS\System32\clbcatq.dll
0x00007ffcb0d10000 - 0x00007ffcb0ec4000 	C:\WINDOWS\SYSTEM32\PROPSYS.dll
0x00007ffca35e0000 - 0x00007ffca3c7b000 	C:\Windows\System32\OneCoreUAPCommonProxyStub.dll
0x00007ffc80480000 - 0x00007ffc805a7000 	C:\WINDOWS\system32\NetworkExplorer.dll
0x00007ffca9af0000 - 0x00007ffca9b0a000 	C:\WINDOWS\SYSTEM32\MPR.dll
0x00007ffcad0a0000 - 0x00007ffcad0ab000 	C:\WINDOWS\System32\drprov.dll
0x00007ffcb2560000 - 0x00007ffcb25b6000 	C:\WINDOWS\System32\WINSTA.dll
0x00007ffcabf90000 - 0x00007ffcabfa6000 	C:\WINDOWS\System32\ntlanman.dll
0x00007ffca9b10000 - 0x00007ffca9b2d000 	C:\WINDOWS\System32\davclnt.dll
0x00007ffc8f240000 - 0x00007ffc8f24c000 	C:\WINDOWS\System32\DAVHLPR.dll
0x00007ffcacab0000 - 0x00007ffcacac7000 	C:\WINDOWS\System32\wkscli.dll
0x00007ffcb2260000 - 0x00007ffcb2285000 	C:\WINDOWS\System32\bcrypt.dll
0x00007ffcaa930000 - 0x00007ffcaa942000 	C:\WINDOWS\SYSTEM32\cscapi.dll
0x00007ffcb1e10000 - 0x00007ffcb1e1e000 	C:\WINDOWS\System32\netutils.dll
0x00007ffc86330000 - 0x00007ffc8637a000 	C:\Windows\System32\dlnashext.dll
0x00007ffc876f0000 - 0x00007ffc87753000 	C:\Windows\System32\PlayToDevice.dll
0x00007ffcafab0000 - 0x00007ffcaface000 	C:\Windows\System32\DevDispItemProvider.dll
0x00007ffcac610000 - 0x00007ffcac686000 	C:\WINDOWS\System32\MMDevApi.dll
0x00007ffcb2510000 - 0x00007ffcb2537000 	C:\WINDOWS\System32\DEVOBJ.dll
0x00007ffc76830000 - 0x00007ffc76a11000 	C:\WINDOWS\system32\wpdshext.dll
0x00007ffca6550000 - 0x00007ffca66eb000 	C:\WINDOWS\WinSxS\amd64_microsoft.windows.gdiplus_6595b64144ccf1df_1.1.17134.829_none_2c31982c8af433a3\gdiplus.dll
0x00007ffc82910000 - 0x00007ffc829ac000 	C:\Windows\System32\PortableDeviceApi.dll
0x00007ffcb3e40000 - 0x00007ffcb428b000 	C:\WINDOWS\System32\SETUPAPI.dll
0x00007ffcb3800000 - 0x00007ffcb3857000 	C:\WINDOWS\System32\WINTRUST.dll
0x00007ffcb2760000 - 0x00007ffcb2772000 	C:\WINDOWS\System32\MSASN1.dll
0x00007ffcb33a0000 - 0x00007ffcb3582000 	C:\WINDOWS\System32\CRYPT32.dll
0x00007ffc91ae0000 - 0x00007ffc91b17000 	C:\Windows\System32\EhStorShell.dll
0x00007ffc961b0000 - 0x00007ffc961d5000 	C:\Windows\System32\EhStorAPI.dll
0x00007ffcadc30000 - 0x00007ffcadc43000 	C:\Windows\System32\WTSAPI32.dll
0x00007ffcab450000 - 0x00007ffcab45d000 	C:\WINDOWS\SYSTEM32\LINKINFO.dll
0x00007ffc9a130000 - 0x00007ffc9a2de000 	C:\WINDOWS\SYSTEM32\WindowsCodecs.dll
0x00007ffc8bef0000 - 0x00007ffc8bf48000 	C:\WINDOWS\system32\dataexchange.dll
0x00007ffcaed00000 - 0x00007ffcaf00b000 	C:\WINDOWS\system32\d3d11.dll
0x00007ffcaf350000 - 0x00007ffcaf4ec000 	C:\WINDOWS\system32\dcomp.dll
0x00007ffcb1450000 - 0x00007ffcb150b000 	C:\WINDOWS\system32\dxgi.dll
0x00007ffcb08e0000 - 0x00007ffcb0a98000 	C:\WINDOWS\system32\twinapi.appcore.dll
0x00007ffcb0aa0000 - 0x00007ffcb0ac9000 	C:\WINDOWS\system32\RMCLIENT.dll
0x00007ffcb1280000 - 0x00007ffcb1449000 	C:\WINDOWS\SYSTEM32\dbghelp.dll

VM Arguments:
jvm_args: -Dfile.encoding=UTF-8 
java_command: view.Inicio
java_class_path (initial): C:\Users\farao\OneDrive\Documentos\Procesamiento de Imagenes\Practica2_IM\Practica2_IM\opencv-300.jar;C:\Users\farao\OneDrive\Documentos\Procesamiento de Imagenes\Practica2_IM\Practica2_IM\build\classes
Launcher Type: SUN_STANDARD

Environment Variables:
PATH=C:\ProgramData\Oracle\Java\javapath;C:\windows\system32;C:\windows;C:\windows\System32\Wbem;C:\windows\System32\WindowsPowerShell\v1.0\;C:\Program Files (x86)\NVIDIA Corporation\PhysX\Common;C:\WINDOWS\system32;C:\WINDOWS;C:\WINDOWS\System32\Wbem;C:\WINDOWS\System32\WindowsPowerShell\v1.0\;C:\WINDOWS\System32\OpenSSH\;C:\Program Files\Intel\WiFi\bin\;C:\Program Files\Common Files\Intel\WirelessCommon\;C:\Program Files\MySQL\MySQL Shell 8.0\bin\
USERNAME=Luis
OS=Windows_NT
PROCESSOR_IDENTIFIER=Intel64 Family 6 Model 158 Stepping 10, GenuineIntel



---------------  S Y S T E M  ---------------

OS: Windows 10.0 , 64 bit Build 17134 (10.0.17134.753)

CPU:total 8 (4 cores per cpu, 2 threads per core) family 6 model 158 stepping 10, cmov, cx8, fxsr, mmx, sse, sse2, sse3, ssse3, sse4.1, sse4.2, popcnt, avx, avx2, aes, clmul, erms, 3dnowpref, lzcnt, ht, tsc, tscinvbit, bmi1, bmi2, adx

Memory: 4k page, physical 8192512k(2979836k free), swap 15794688k(6556840k free)

vm_info: Java HotSpot(TM) 64-Bit Server VM (25.111-b14) for windows-amd64 JRE (1.8.0_111-b14), built on Sep 22 2016 19:24:05 by "java_re" with MS VC++ 10.0 (VS2010)

time: Mon Jul 01 20:04:24 2019
elapsed time: 31 seconds (0d 0h 0m 31s)

