#
# A fatal error has been detected by the Java Runtime Environment:
#
#  EXCEPTION_ACCESS_VIOLATION (0xc0000005) at pc=0x000000006046807b, pid=16964, tid=0x00000000000058d8
#
# JRE version: Java(TM) SE Runtime Environment (8.0_111-b14) (build 1.8.0_111-b14)
# Java VM: Java HotSpot(TM) 64-Bit Server VM (25.111-b14 mixed mode windows-amd64 compressed oops)
# Problematic frame:
# V  [jvm.dll+0x2d807b]
#
# Failed to write core dump. Minidumps are not enabled by default on client versions of Windows
#
# If you would like to submit a bug report, please visit:
#   http://bugreport.java.com/bugreport/crash.jsp
#

---------------  T H R E A D  ---------------

Current thread (0x0000000018409800):  VMThread [stack: 0x000000001a0e0000,0x000000001a1e0000] [id=22744]

siginfo: ExceptionCode=0xc0000005, reading address 0xffffffffffffffff

Registers:
RAX=0x0000000003595720, RBX=0x000000001a1deb90, RCX=0x000000001a1deb90, RDX=0x000000000346fcb0
RSP=0x000000001a1deb40, RBP=0x0000000000000000, RSI=0x0000000000000008, RDI=0x0000000060940588
R8 =0xfae592f8e48ef8e3, R9 =0xe994fae592fae592, R10=0x000000001a1debf0, R11=0x000000001e64f4d0
R12=0x0000000000000000, R13=0x0000000000000000, R14=0x0000000000000000, R15=0x0000000000000010
RIP=0x000000006046807b, EFLAGS=0x0000000000010246

Top of Stack: (sp=0x000000001a1deb40)
0x000000001a1deb40:   000000001a1deb90 0000000000000000
0x000000001a1deb50:   0000000000000008 000000001e64f220
0x000000001a1deb60:   000000001b738800 00000000603d14a4
0x000000001a1deb70:   000000001b738800 0000000060940588
0x000000001a1deb80:   0000000003550790 0000000000000000
0x000000001a1deb90:   000000001e64f4e0 e994fae592fae592
0x000000001a1deba0:   0000000000000000 0000000000000000
0x000000001a1debb0:   fae592f8e48ef8e3 90f9e292f9e292f8
0x000000001a1debc0:   000000001e64f4e0 e994fae592fae592
0x000000001a1debd0:   0000000000000000 0000000000000000
0x000000001a1debe0:   fae592f8e48ef8e3 90f9e292f9e292f8
0x000000001a1debf0:   000000001a2df140 000000001a2df140
0x000000001a1dec00:   0000000000000000 0000000000000000
0x000000001a1dec10:   0000000000000000 0000000000000000
0x000000001a1dec20:   0000000000000001 0000000060414cad
0x000000001a1dec30:   000000001a1ded40 000000001a1def20 

Instructions: (pc=0x000000006046807b)
0x000000006046805b:   c3 48 83 79 10 00 74 11 48 8b d3 e8 c5 fb ff ff
0x000000006046806b:   48 8b c3 48 83 c4 20 5b c3 4c 8b 41 20 48 8b cb
0x000000006046807b:   4d 8b 48 08 49 8d 50 10 4d 8b 00 e8 85 43 d4 ff
0x000000006046808b:   48 8b c3 48 83 c4 20 5b c3 cc cc cc cc cc cc cc 


Register to memory mapping:

RAX=0x0000000003595720 is an unknown value
RBX=0x000000001a1deb90 is an unknown value
RCX=0x000000001a1deb90 is an unknown value
RDX=0x000000000346fcb0 is an unknown value
RSP=0x000000001a1deb40 is an unknown value
RBP=0x0000000000000000 is an unknown value
RSI=0x0000000000000008 is an unknown value
RDI=0x0000000060940588 is an unknown value
R8 =0xfae592f8e48ef8e3 is an unknown value
R9 =0xe994fae592fae592 is an unknown value
R10=0x000000001a1debf0 is an unknown value
R11=0x000000001e64f4d0 is pointing into the stack for thread: 0x000000001b738800
R12=0x0000000000000000 is an unknown value
R13=0x0000000000000000 is an unknown value
R14=0x0000000000000000 is an unknown value
R15=0x0000000000000010 is an unknown value


Stack: [0x000000001a0e0000,0x000000001a1e0000],  sp=0x000000001a1deb40,  free space=1018k
Native frames: (J=compiled Java code, j=interpreted, Vv=VM code, C=native code)


---------------  P R O C E S S  ---------------

Java Threads: ( => current thread )
  0x000000001b738800 JavaThread "TimerQueue" daemon [_thread_blocked, id=32076, stack(0x000000001e550000,0x000000001e650000)]
  0x000000001b69c800 JavaThread "Swing-Shell" daemon [_thread_blocked, id=1888, stack(0x000000001d670000,0x000000001d770000)]
  0x0000000003450800 JavaThread "DestroyJavaVM" [_thread_blocked, id=29692, stack(0x0000000002f80000,0x0000000003080000)]
  0x000000001b38f000 JavaThread "AWT-EventQueue-0" [_thread_blocked, id=9628, stack(0x000000001c6b0000,0x000000001c7b0000)]
  0x000000001b338000 JavaThread "AWT-Windows" daemon [_thread_blocked, id=12952, stack(0x000000001bc50000,0x000000001bd50000)]
  0x000000001b336000 JavaThread "AWT-Shutdown" [_thread_blocked, id=452, stack(0x000000001bb50000,0x000000001bc50000)]
  0x000000001b335800 JavaThread "Java2D Disposer" daemon [_thread_blocked, id=16392, stack(0x000000001ba50000,0x000000001bb50000)]
  0x000000001a405000 JavaThread "Service Thread" daemon [_thread_blocked, id=31968, stack(0x000000001aef0000,0x000000001aff0000)]
  0x000000001a364800 JavaThread "C1 CompilerThread3" daemon [_thread_blocked, id=1704, stack(0x000000001adf0000,0x000000001aef0000)]
  0x000000001a367000 JavaThread "C2 CompilerThread2" daemon [_thread_blocked, id=1656, stack(0x000000001acf0000,0x000000001adf0000)]
  0x000000001a360000 JavaThread "C2 CompilerThread1" daemon [_thread_blocked, id=12384, stack(0x000000001abf0000,0x000000001acf0000)]
  0x000000001841a800 JavaThread "C2 CompilerThread0" daemon [_thread_blocked, id=24744, stack(0x000000001aaf0000,0x000000001abf0000)]
  0x000000001a35f800 JavaThread "Attach Listener" daemon [_thread_blocked, id=31620, stack(0x000000001a9f0000,0x000000001aaf0000)]
  0x000000001a31c000 JavaThread "Signal Dispatcher" daemon [_thread_blocked, id=20576, stack(0x000000001a8f0000,0x000000001a9f0000)]
  0x000000000354d800 JavaThread "Finalizer" daemon [_thread_blocked, id=4288, stack(0x000000001a6e0000,0x000000001a7e0000)]
  0x0000000003546800 JavaThread "Reference Handler" daemon [_thread_blocked, id=23544, stack(0x000000001a1e0000,0x000000001a2e0000)]

Other Threads:
=>0x0000000018409800 VMThread [stack: 0x000000001a0e0000,0x000000001a1e0000] [id=22744]
  0x000000001a4a6800 WatcherThread [stack: 0x000000001aff0000,0x000000001b0f0000] [id=29772]

VM state:at safepoint (normal execution)

VM Mutex/Monitor currently owned by a thread:  ([mutex/lock_event])
[0x00000000030bbf50] Safepoint_lock - owner thread: 0x0000000018409800
[0x00000000030bc750] Threads_lock - owner thread: 0x0000000018409800

Heap:
 PSYoungGen      total 37888K, used 31409K [0x00000000d6500000, 0x00000000d8f00000, 0x0000000100000000)
  eden space 32768K, 80% used [0x00000000d6500000,0x00000000d7ead858,0x00000000d8500000)
  from space 5120K, 99% used [0x00000000d8500000,0x00000000d89fedd0,0x00000000d8a00000)
  to   space 5120K, 0% used [0x00000000d8a00000,0x00000000d8a00000,0x00000000d8f00000)
 ParOldGen       total 86016K, used 13951K [0x0000000082e00000, 0x0000000088200000, 0x00000000d6500000)
  object space 86016K, 16% used [0x0000000082e00000,0x0000000083b9fca8,0x0000000088200000)
 Metaspace       used 15442K, capacity 15670K, committed 15872K, reserved 1062912K
  class space    used 1944K, capacity 2027K, committed 2048K, reserved 1048576K

Card table byte_map: [0x0000000012910000,0x0000000012d00000] byte_map_base: 0x00000000124f9000

Marking Bits: (ParMarkBitMap*) 0x00000000609aa6c0
 Begin Bits: [0x00000000137a0000, 0x00000000156e8000)
 End Bits:   [0x00000000156e8000, 0x0000000017630000)

Polling page: 0x0000000001200000

CodeCache: size=245760Kb used=6111Kb max_used=6111Kb free=239648Kb
 bounds [0x0000000003550000, 0x0000000003b50000, 0x0000000012550000]
 total_blobs=2417 nmethods=1836 adapters=492
 compilation: enabled

Compilation events (10 events):
Event: 12.345 Thread 0x000000001a364800 1833       3       java.nio.CharBuffer::arrayOffset (35 bytes)
Event: 12.346 Thread 0x000000001a364800 nmethod 1833 0x0000000003b3ba10 code [0x0000000003b3bba0, 0x0000000003b3beb8]
Event: 12.346 Thread 0x000000001a364800 1834       3       java.nio.Buffer::<init> (121 bytes)
Event: 12.347 Thread 0x000000001a364800 nmethod 1834 0x0000000003b4ac90 code [0x0000000003b4af60, 0x0000000003b4c3e8]
Event: 12.347 Thread 0x000000001a364800 1835       3       java.nio.Buffer::remaining (10 bytes)
Event: 12.347 Thread 0x000000001a364800 nmethod 1835 0x0000000003b4a990 code [0x0000000003b4aae0, 0x0000000003b4ac30]
Event: 12.348 Thread 0x000000001a364800 1836       1       java.awt.geom.RoundRectIterator::getWindingRule (2 bytes)
Event: 12.348 Thread 0x000000001a364800 nmethod 1836 0x0000000003b4a6d0 code [0x0000000003b4a820, 0x0000000003b4a930]
Event: 12.349 Thread 0x000000001a364800 1837       3       javax.swing.plaf.nimbus.AbstractRegionPainter::paint (126 bytes)
Event: 12.349 Thread 0x000000001a364800 nmethod 1837 0x0000000003b499d0 code [0x0000000003b49bc0, 0x0000000003b4a468]

GC Heap History (2 events):
Event: 6.335 GC heap before
{Heap before GC invocations=1 (full 0):
 PSYoungGen      total 37888K, used 32768K [0x00000000d6500000, 0x00000000d8f00000, 0x0000000100000000)
  eden space 32768K, 100% used [0x00000000d6500000,0x00000000d8500000,0x00000000d8500000)
  from space 5120K, 0% used [0x00000000d8a00000,0x00000000d8a00000,0x00000000d8f00000)
  to   space 5120K, 0% used [0x00000000d8500000,0x00000000d8500000,0x00000000d8a00000)
 ParOldGen       total 86016K, used 0K [0x0000000082e00000, 0x0000000088200000, 0x00000000d6500000)
  object space 86016K, 0% used [0x0000000082e00000,0x0000000082e00000,0x0000000088200000)
 Metaspace       used 15165K, capacity 15382K, committed 15616K, reserved 1062912K
  class space    used 1930K, capacity 1995K, committed 2048K, reserved 1048576K
Event: 6.344 GC heap after
Heap after GC invocations=1 (full 0):
 PSYoungGen      total 37888K, used 5115K [0x00000000d6500000, 0x00000000d8f00000, 0x0000000100000000)
  eden space 32768K, 0% used [0x00000000d6500000,0x00000000d6500000,0x00000000d8500000)
  from space 5120K, 99% used [0x00000000d8500000,0x00000000d89fedd0,0x00000000d8a00000)
  to   space 5120K, 0% used [0x00000000d8a00000,0x00000000d8a00000,0x00000000d8f00000)
 ParOldGen       total 86016K, used 13951K [0x0000000082e00000, 0x0000000088200000, 0x00000000d6500000)
  object space 86016K, 16% used [0x0000000082e00000,0x0000000083b9fca8,0x0000000088200000)
 Metaspace       used 15165K, capacity 15382K, committed 15616K, reserved 1062912K
  class space    used 1930K, capacity 1995K, committed 2048K, reserved 1048576K
}

Deoptimization events (10 events):
Event: 1.959 Thread 0x000000001b38f000 Uncommon trap: reason=class_check action=maybe_recompile pc=0x00000000036b88dc method=java.lang.String.equals(Ljava/lang/Object;)Z @ 8
Event: 1.964 Thread 0x000000001b38f000 Uncommon trap: reason=class_check action=maybe_recompile pc=0x00000000036b88dc method=java.lang.String.equals(Ljava/lang/Object;)Z @ 8
Event: 1.964 Thread 0x000000001b38f000 Uncommon trap: reason=class_check action=maybe_recompile pc=0x00000000036b88dc method=java.lang.String.equals(Ljava/lang/Object;)Z @ 8
Event: 1.964 Thread 0x000000001b38f000 Uncommon trap: reason=class_check action=maybe_recompile pc=0x00000000036b88dc method=java.lang.String.equals(Ljava/lang/Object;)Z @ 8
Event: 2.046 Thread 0x000000001b38f000 Uncommon trap: reason=unstable_if action=reinterpret pc=0x000000000384aa80 method=java.lang.CharacterData.of(I)Ljava/lang/CharacterData; @ 4
Event: 6.359 Thread 0x000000001b38f000 Uncommon trap: reason=unstable_if action=reinterpret pc=0x0000000003a4111c method=sun.awt.image.OffScreenImageSource.sendPixels()V @ 663
Event: 6.359 Thread 0x000000001b38f000 Uncommon trap: reason=unstable_if action=reinterpret pc=0x0000000003a3a38c method=sun.awt.image.ImageRepresentation.getOpaqueRGBImage()Ljava/awt/image/BufferedImage; @ 57
Event: 7.916 Thread 0x000000001b38f000 Uncommon trap: reason=unstable_if action=reinterpret pc=0x0000000003a6fbdc method=java.awt.Container.findComponentAtImpl(IIZ)Ljava/awt/Component; @ 131
Event: 10.231 Thread 0x000000001b38f000 Uncommon trap: reason=null_check action=make_not_entrant pc=0x0000000003ada41c method=javax.swing.plaf.nimbus.NimbusDefaults$LazyStyle.matches(Ljava/awt/Component;I)Z @ 39
Event: 12.291 Thread 0x000000001b38f000 Uncommon trap: reason=unstable_if action=reinterpret pc=0x0000000003b3b4f4 method=pixelManipulation.Filters.Rotar([BLorg/opencv/core/Mat;DD)Lorg/opencv/core/Mat; @ 22

Internal exceptions (10 events):
Event: 0.314 Thread 0x0000000003450800 Exception <a 'java/lang/ClassNotFoundException': ToolTip> (0x00000000d69433a0) thrown at [C:\re\workspace\8-2-build-windows-amd64-cygwin\jdk8u111\7883\hotspot\src\share\vm\classfile\systemDictionary.cpp, line 210]
Event: 0.315 Thread 0x0000000003450800 Exception <a 'java/lang/ClassNotFoundException': Tree> (0x00000000d6943fc0) thrown at [C:\re\workspace\8-2-build-windows-amd64-cygwin\jdk8u111\7883\hotspot\src\share\vm\classfile\systemDictionary.cpp, line 210]
Event: 0.315 Thread 0x0000000003450800 Exception <a 'java/lang/ClassNotFoundException': Tree> (0x00000000d6944700) thrown at [C:\re\workspace\8-2-build-windows-amd64-cygwin\jdk8u111\7883\hotspot\src\share\vm\classfile\systemDictionary.cpp, line 210]
Event: 0.315 Thread 0x0000000003450800 Exception <a 'java/lang/ClassNotFoundException': javax/swing/JTreeCell> (0x00000000d6944a80) thrown at [C:\re\workspace\8-2-build-windows-amd64-cygwin\jdk8u111\7883\hotspot\src\share\vm\classfile\systemDictionary.cpp, line 210]
Event: 0.315 Thread 0x0000000003450800 Exception <a 'java/lang/ClassNotFoundException': TreeCell> (0x00000000d6944f08) thrown at [C:\re\workspace\8-2-build-windows-amd64-cygwin\jdk8u111\7883\hotspot\src\share\vm\classfile\systemDictionary.cpp, line 210]
Event: 0.315 Thread 0x0000000003450800 Exception <a 'java/lang/ClassNotFoundException': RootPane> (0x00000000d69458c0) thrown at [C:\re\workspace\8-2-build-windows-amd64-cygwin\jdk8u111\7883\hotspot\src\share\vm\classfile\systemDictionary.cpp, line 210]
Event: 10.231 Thread 0x000000001b38f000 Implicit null exception at 0x0000000003ad6cf0 to 0x0000000003ada3f9
Event: 12.344 Thread 0x000000001b38f000 Exception <a 'java/lang/Exception': unknown exception> (0x00000000d7e1e730) thrown at [C:\re\workspace\8-2-build-windows-amd64-cygwin\jdk8u111\7883\hotspot\src\share\vm\prims\jni.cpp, line 735]
Event: 12.344 Thread 0x000000001b38f000 Exception <a 'java/security/PrivilegedActionException'> (0x00000000d7e1eb20) thrown at [C:\re\workspace\8-2-build-windows-amd64-cygwin\jdk8u111\7883\hotspot\src\share\vm\prims\jvm.cpp, line 1386]
Event: 12.344 Thread 0x000000001b38f000 Exception <a 'java/security/PrivilegedActionException'> (0x00000000d7e1ed30) thrown at [C:\re\workspace\8-2-build-windows-amd64-cygwin\jdk8u111\7883\hotspot\src\share\vm\prims\jvm.cpp, line 1386]

Events (10 events):
Event: 12.266 Thread 0x000000001b38f000 DEOPT UNPACKING pc=0x000000000359787f sp=0x000000001c7acbe0 mode 0
Event: 12.291 Thread 0x000000001b38f000 Uncommon trap: trap_request=0xffffff65 fr.pc=0x0000000003b3b4f4
Event: 12.291 Thread 0x000000001b38f000 DEOPT PACKING pc=0x0000000003b3b4f4 sp=0x000000001c7acea0
Event: 12.291 Thread 0x000000001b38f000 DEOPT UNPACKING pc=0x000000000359582a sp=0x000000001c7ace60 mode 2
Event: 12.325 Thread 0x000000001b38f000 DEOPT PACKING pc=0x0000000003b47364 sp=0x000000001c7acdb0
Event: 12.325 Thread 0x000000001b38f000 DEOPT UNPACKING pc=0x000000000359787f sp=0x000000001c7acbe0 mode 0
Event: 12.344 loading class java/lang/Throwable$WrappedPrintStream
Event: 12.344 loading class java/lang/Throwable$PrintStreamOrWriter
Event: 12.344 loading class java/lang/Throwable$PrintStreamOrWriter done
Event: 12.344 loading class java/lang/Throwable$WrappedPrintStream done


Dynamic libraries:
0x00007ff735930000 - 0x00007ff735967000 	C:\Program Files\Java\jdk1.8.0_111\bin\java.exe
0x00007ffcb6450000 - 0x00007ffcb6631000 	C:\WINDOWS\SYSTEM32\ntdll.dll
0x00007ffcb5f90000 - 0x00007ffcb6041000 	C:\WINDOWS\System32\KERNEL32.DLL
0x00007ffcb3080000 - 0x00007ffcb32f3000 	C:\WINDOWS\System32\KERNELBASE.dll
0x00007ffcb38e0000 - 0x00007ffcb3981000 	C:\WINDOWS\System32\ADVAPI32.dll
0x00007ffcb44f0000 - 0x00007ffcb458e000 	C:\WINDOWS\System32\msvcrt.dll
0x00007ffcb4310000 - 0x00007ffcb436b000 	C:\WINDOWS\System32\sechost.dll
0x00007ffcb5e50000 - 0x00007ffcb5f74000 	C:\WINDOWS\System32\RPCRT4.dll
0x00007ffcb3990000 - 0x00007ffcb3b20000 	C:\WINDOWS\System32\USER32.dll
0x00007ffcb37e0000 - 0x00007ffcb3800000 	C:\WINDOWS\System32\win32u.dll
0x00007ffcb3b50000 - 0x00007ffcb3b78000 	C:\WINDOWS\System32\GDI32.dll
0x00007ffcb3590000 - 0x00007ffcb3721000 	C:\WINDOWS\System32\gdi32full.dll
0x00007ffcb3300000 - 0x00007ffcb339f000 	C:\WINDOWS\System32\msvcp_win.dll
0x00007ffcb2870000 - 0x00007ffcb2968000 	C:\WINDOWS\System32\ucrtbase.dll
0x00007ffca4520000 - 0x00007ffca4789000 	C:\WINDOWS\WinSxS\amd64_microsoft.windows.common-controls_6595b64144ccf1df_6.0.17134.829_none_fb46a5473061b9d5\COMCTL32.dll
0x00007ffcb6050000 - 0x00007ffcb6372000 	C:\WINDOWS\System32\combase.dll
0x00007ffcb3860000 - 0x00007ffcb38da000 	C:\WINDOWS\System32\bcryptPrimitives.dll
0x00007ffcb3b20000 - 0x00007ffcb3b4d000 	C:\WINDOWS\System32\IMM32.DLL
0x0000000060c20000 - 0x0000000060cf2000 	C:\Program Files\Java\jdk1.8.0_111\jre\bin\msvcr100.dll
0x0000000060190000 - 0x0000000060a2a000 	C:\Program Files\Java\jdk1.8.0_111\jre\bin\server\jvm.dll
0x00007ffcb3b80000 - 0x00007ffcb3b88000 	C:\WINDOWS\System32\PSAPI.DLL
0x00007ffcad150000 - 0x00007ffcad159000 	C:\WINDOWS\SYSTEM32\WSOCK32.dll
0x00007ffcadc00000 - 0x00007ffcadc0a000 	C:\WINDOWS\SYSTEM32\VERSION.dll
0x00007ffca6ce0000 - 0x00007ffca6d03000 	C:\WINDOWS\SYSTEM32\WINMM.dll
0x00007ffcb5de0000 - 0x00007ffcb5e4c000 	C:\WINDOWS\System32\WS2_32.dll
0x00007ffca5ce0000 - 0x00007ffca5d0a000 	C:\WINDOWS\SYSTEM32\winmmbase.dll
0x00007ffcb2820000 - 0x00007ffcb2869000 	C:\WINDOWS\System32\cfgmgr32.dll
0x0000000062330000 - 0x000000006233f000 	C:\Program Files\Java\jdk1.8.0_111\jre\bin\verify.dll
0x0000000060160000 - 0x0000000060189000 	C:\Program Files\Java\jdk1.8.0_111\jre\bin\java.dll
0x0000000060140000 - 0x0000000060156000 	C:\Program Files\Java\jdk1.8.0_111\jre\bin\zip.dll
0x00007ffcb4990000 - 0x00007ffcb5dd0000 	C:\WINDOWS\System32\SHELL32.dll
0x00007ffcb46e0000 - 0x00007ffcb4789000 	C:\WINDOWS\System32\shcore.dll
0x00007ffcb2970000 - 0x00007ffcb307d000 	C:\WINDOWS\System32\windows.storage.dll
0x00007ffcb4790000 - 0x00007ffcb47e1000 	C:\WINDOWS\System32\shlwapi.dll
0x00007ffcb27f0000 - 0x00007ffcb2801000 	C:\WINDOWS\System32\kernel.appcore.dll
0x00007ffcb2780000 - 0x00007ffcb279f000 	C:\WINDOWS\System32\profapi.dll
0x00007ffcb27a0000 - 0x00007ffcb27ec000 	C:\WINDOWS\System32\powrprof.dll
0x00007ffcb2810000 - 0x00007ffcb281a000 	C:\WINDOWS\System32\FLTLIB.DLL
0x000000005ff60000 - 0x00000000600f8000 	C:\Program Files\Java\jdk1.8.0_111\jre\bin\awt.dll
0x00007ffcb4610000 - 0x00007ffcb46d2000 	C:\WINDOWS\System32\OLEAUT32.dll
0x00007ffcafad0000 - 0x00007ffcafb5b000 	C:\WINDOWS\SYSTEM32\apphelp.dll
0x00007ffcb0810000 - 0x00007ffcb08a8000 	C:\WINDOWS\system32\uxtheme.dll
0x00007ffcb4370000 - 0x00007ffcb44e3000 	C:\WINDOWS\System32\MSCTF.dll
0x00007ffcb0ad0000 - 0x00007ffcb0af9000 	C:\WINDOWS\system32\dwmapi.dll
0x00007ffcb3b90000 - 0x00007ffcb3ce1000 	C:\WINDOWS\System32\ole32.dll
0x000000005ff10000 - 0x000000005ff57000 	C:\Program Files\Java\jdk1.8.0_111\jre\bin\fontmanager.dll
0x0000000060120000 - 0x000000006013a000 	C:\Program Files\Java\jdk1.8.0_111\jre\bin\net.dll
0x00007ffcb1f80000 - 0x00007ffcb1fe6000 	C:\WINDOWS\system32\mswsock.dll
0x0000000060100000 - 0x0000000060111000 	C:\Program Files\Java\jdk1.8.0_111\jre\bin\nio.dll
0x000000005fec0000 - 0x000000005ff02000 	C:\Program Files\Java\jdk1.8.0_111\jre\bin\t2k.dll
0x00007ffc3e540000 - 0x00007ffc3fdc5000 	C:\Users\farao\OneDrive\Documentos\Procesamiento de Imagenes\Practica2_IM\Practica2_IM\x64\opencv_java300.dll
0x00007ffc9bd80000 - 0x00007ffc9bda9000 	C:\WINDOWS\SYSTEM32\MSVFW32.dll
0x00007ffca68b0000 - 0x00007ffca68c8000 	C:\WINDOWS\SYSTEM32\AVICAP32.dll
0x00007ffca2e40000 - 0x00007ffca2e5f000 	C:\WINDOWS\SYSTEM32\AVIFIL32.dll
0x00007ffca7910000 - 0x00007ffca792c000 	C:\WINDOWS\SYSTEM32\MSACM32.dll
0x00007ffc9dae0000 - 0x00007ffc9db76000 	C:\WINDOWS\System32\TextInputFramework.dll
0x00007ffc9b490000 - 0x00007ffc9b7ae000 	C:\WINDOWS\System32\CoreUIComponents.dll
0x00007ffcaf6f0000 - 0x00007ffcaf7ca000 	C:\WINDOWS\System32\CoreMessaging.dll
0x00007ffcb1830000 - 0x00007ffcb1861000 	C:\WINDOWS\SYSTEM32\ntmarta.dll
0x00007ffcadea0000 - 0x00007ffcadfed000 	C:\WINDOWS\SYSTEM32\wintypes.dll
0x000000005fe90000 - 0x000000005feba000 	C:\Program Files\Java\jdk1.8.0_111\jre\bin\dcpr.dll
0x00007ffca0f50000 - 0x00007ffca0ff7000 	C:\WINDOWS\WinSxS\amd64_microsoft.windows.common-controls_6595b64144ccf1df_5.82.17134.829_none_f94fe9573097fa34\comctl32.dll
0x00007ffcb6380000 - 0x00007ffcb6420000 	C:\WINDOWS\System32\clbcatq.dll
0x00007ffcb0d10000 - 0x00007ffcb0ec4000 	C:\WINDOWS\SYSTEM32\PROPSYS.dll
0x00007ffca35e0000 - 0x00007ffca3c7b000 	C:\Windows\System32\OneCoreUAPCommonProxyStub.dll
0x00007ffc80480000 - 0x00007ffc805a7000 	C:\WINDOWS\system32\NetworkExplorer.dll
0x00007ffca9af0000 - 0x00007ffca9b0a000 	C:\WINDOWS\SYSTEM32\MPR.dll
0x00007ffcad0a0000 - 0x00007ffcad0ab000 	C:\WINDOWS\System32\drprov.dll
0x00007ffcb2560000 - 0x00007ffcb25b6000 	C:\WINDOWS\System32\WINSTA.dll
0x00007ffcabf90000 - 0x00007ffcabfa6000 	C:\WINDOWS\System32\ntlanman.dll
0x00007ffca9b10000 - 0x00007ffca9b2d000 	C:\WINDOWS\System32\davclnt.dll
0x00007ffc8f240000 - 0x00007ffc8f24c000 	C:\WINDOWS\System32\DAVHLPR.dll
0x00007ffcacab0000 - 0x00007ffcacac7000 	C:\WINDOWS\System32\wkscli.dll
0x00007ffcb2260000 - 0x00007ffcb2285000 	C:\WINDOWS\System32\bcrypt.dll
0x00007ffcaa930000 - 0x00007ffcaa942000 	C:\WINDOWS\SYSTEM32\cscapi.dll
0x00007ffcb1e10000 - 0x00007ffcb1e1e000 	C:\WINDOWS\System32\netutils.dll
0x00007ffc86330000 - 0x00007ffc8637a000 	C:\Windows\System32\dlnashext.dll
0x00007ffc8b060000 - 0x00007ffc8b0c3000 	C:\Windows\System32\PlayToDevice.dll
0x00007ffcafab0000 - 0x00007ffcaface000 	C:\Windows\System32\DevDispItemProvider.dll
0x00007ffcac610000 - 0x00007ffcac686000 	C:\WINDOWS\System32\MMDevApi.dll
0x00007ffcb2510000 - 0x00007ffcb2537000 	C:\WINDOWS\System32\DEVOBJ.dll
0x00007ffc76830000 - 0x00007ffc76a11000 	C:\WINDOWS\system32\wpdshext.dll
0x00007ffca6550000 - 0x00007ffca66eb000 	C:\WINDOWS\WinSxS\amd64_microsoft.windows.gdiplus_6595b64144ccf1df_1.1.17134.829_none_2c31982c8af433a3\gdiplus.dll
0x00007ffc82910000 - 0x00007ffc829ac000 	C:\Windows\System32\PortableDeviceApi.dll
0x00007ffcb3e40000 - 0x00007ffcb428b000 	C:\WINDOWS\System32\SETUPAPI.dll
0x00007ffcb3800000 - 0x00007ffcb3857000 	C:\WINDOWS\System32\WINTRUST.dll
0x00007ffcb2760000 - 0x00007ffcb2772000 	C:\WINDOWS\System32\MSASN1.dll
0x00007ffcb33a0000 - 0x00007ffcb3582000 	C:\WINDOWS\System32\CRYPT32.dll
0x00007ffc91ae0000 - 0x00007ffc91b17000 	C:\Windows\System32\EhStorShell.dll
0x00007ffc961b0000 - 0x00007ffc961d5000 	C:\Windows\System32\EhStorAPI.dll
0x00007ffcadc30000 - 0x00007ffcadc43000 	C:\Windows\System32\WTSAPI32.dll
0x00007ffcab450000 - 0x00007ffcab45d000 	C:\WINDOWS\SYSTEM32\LINKINFO.dll
0x00007ffc9a130000 - 0x00007ffc9a2de000 	C:\WINDOWS\SYSTEM32\WindowsCodecs.dll
0x00007ffc8bef0000 - 0x00007ffc8bf48000 	C:\WINDOWS\system32\dataexchange.dll
0x00007ffcaed00000 - 0x00007ffcaf00b000 	C:\WINDOWS\system32\d3d11.dll
0x00007ffcaf350000 - 0x00007ffcaf4ec000 	C:\WINDOWS\system32\dcomp.dll
0x00007ffcb1450000 - 0x00007ffcb150b000 	C:\WINDOWS\system32\dxgi.dll
0x00007ffcb08e0000 - 0x00007ffcb0a98000 	C:\WINDOWS\system32\twinapi.appcore.dll
0x00007ffcb0aa0000 - 0x00007ffcb0ac9000 	C:\WINDOWS\system32\RMCLIENT.dll
0x00007ffcb1280000 - 0x00007ffcb1449000 	C:\WINDOWS\SYSTEM32\dbghelp.dll

VM Arguments:
jvm_args: -Dfile.encoding=UTF-8 
java_command: view.Inicio
java_class_path (initial): C:\Users\farao\OneDrive\Documentos\Procesamiento de Imagenes\Practica2_IM\Practica2_IM\opencv-300.jar;C:\Users\farao\OneDrive\Documentos\Procesamiento de Imagenes\Practica2_IM\Practica2_IM\build\classes
Launcher Type: SUN_STANDARD

Environment Variables:
PATH=C:\ProgramData\Oracle\Java\javapath;C:\windows\system32;C:\windows;C:\windows\System32\Wbem;C:\windows\System32\WindowsPowerShell\v1.0\;C:\Program Files (x86)\NVIDIA Corporation\PhysX\Common;C:\WINDOWS\system32;C:\WINDOWS;C:\WINDOWS\System32\Wbem;C:\WINDOWS\System32\WindowsPowerShell\v1.0\;C:\WINDOWS\System32\OpenSSH\;C:\Program Files\Intel\WiFi\bin\;C:\Program Files\Common Files\Intel\WirelessCommon\;C:\Program Files\MySQL\MySQL Shell 8.0\bin\
USERNAME=Luis
OS=Windows_NT
PROCESSOR_IDENTIFIER=Intel64 Family 6 Model 158 Stepping 10, GenuineIntel



---------------  S Y S T E M  ---------------

OS: Windows 10.0 , 64 bit Build 17134 (10.0.17134.753)

CPU:total 8 (4 cores per cpu, 2 threads per core) family 6 model 158 stepping 10, cmov, cx8, fxsr, mmx, sse, sse2, sse3, ssse3, sse4.1, sse4.2, popcnt, avx, avx2, aes, clmul, erms, 3dnowpref, lzcnt, ht, tsc, tscinvbit, bmi1, bmi2, adx

Memory: 4k page, physical 8192512k(2919388k free), swap 15794688k(6284252k free)

vm_info: Java HotSpot(TM) 64-Bit Server VM (25.111-b14) for windows-amd64 JRE (1.8.0_111-b14), built on Sep 22 2016 19:24:05 by "java_re" with MS VC++ 10.0 (VS2010)

time: Sun Jun 30 23:09:14 2019
elapsed time: 12 seconds (0d 0h 0m 12s)

