#
# A fatal error has been detected by the Java Runtime Environment:
#
#  EXCEPTION_ACCESS_VIOLATION (0xc0000005) at pc=0x000000006046807b, pid=27596, tid=0x000000000000675c
#
# JRE version: Java(TM) SE Runtime Environment (8.0_111-b14) (build 1.8.0_111-b14)
# Java VM: Java HotSpot(TM) 64-Bit Server VM (25.111-b14 mixed mode windows-amd64 compressed oops)
# Problematic frame:
# V  [jvm.dll+0x2d807b]
#
# Failed to write core dump. Minidumps are not enabled by default on client versions of Windows
#
# If you would like to submit a bug report, please visit:
#   http://bugreport.java.com/bugreport/crash.jsp
#

---------------  T H R E A D  ---------------

Current thread (0x0000000017ab9800):  VMThread [stack: 0x00000000197b0000,0x00000000198b0000] [id=26460]

siginfo: ExceptionCode=0xc0000005, reading address 0xffffffffffffffff

Registers:
RAX=0x0000000002c15720, RBX=0x00000000198aedf0, RCX=0x00000000198aedf0, RDX=0x0000000002aefcb0
RSP=0x00000000198aeda0, RBP=0x0000000000000000, RSI=0x0000000000000008, RDI=0x0000000060940588
R8 =0xf9b546f9b546f4b0, R9 =0xb841f2b946f9b645, R10=0x00000000198aee50, R11=0x000000001ddfee40
R12=0x0000000000000000, R13=0x0000000000000000, R14=0x0000000000000000, R15=0x0000000000000010
RIP=0x000000006046807b, EFLAGS=0x0000000000010246

Top of Stack: (sp=0x00000000198aeda0)
0x00000000198aeda0:   00000000198aedf0 0000000000000000
0x00000000198aedb0:   0000000000000008 000000001ddfede0
0x00000000198aedc0:   000000001ae9c800 00000000603d14a4
0x00000000198aedd0:   000000001ae9c800 0000000060940588
0x00000000198aede0:   0000000002bd0790 0000000000000000
0x00000000198aedf0:   000000001ddfee50 b841f2b946f9b645
0x00000000198aee00:   0000000000000000 0000000000000000
0x00000000198aee10:   f9b546f9b546f4b0 000000001ddfee50
0x00000000198aee20:   000000001ddfee50 b841f2b946f9b645
0x00000000198aee30:   0000000000000000 0000000000000000
0x00000000198aee40:   f9b546f9b546f4b0 000000001ddfee50
0x00000000198aee50:   00000000199af440 00000000199af440
0x00000000198aee60:   0000000000000000 0000000000000000
0x00000000198aee70:   0000000000000000 0000000000000000
0x00000000198aee80:   0000000000000001 0000000060414cad
0x00000000198aee90:   00000000198aefa0 00000000198af180 

Instructions: (pc=0x000000006046807b)
0x000000006046805b:   c3 48 83 79 10 00 74 11 48 8b d3 e8 c5 fb ff ff
0x000000006046806b:   48 8b c3 48 83 c4 20 5b c3 4c 8b 41 20 48 8b cb
0x000000006046807b:   4d 8b 48 08 49 8d 50 10 4d 8b 00 e8 85 43 d4 ff
0x000000006046808b:   48 8b c3 48 83 c4 20 5b c3 cc cc cc cc cc cc cc 


Register to memory mapping:

RAX=0x0000000002c15720 is an unknown value
RBX=0x00000000198aedf0 is an unknown value
RCX=0x00000000198aedf0 is an unknown value
RDX=0x0000000002aefcb0 is an unknown value
RSP=0x00000000198aeda0 is an unknown value
RBP=0x0000000000000000 is an unknown value
RSI=0x0000000000000008 is an unknown value
RDI=0x0000000060940588 is an unknown value
R8 =0xf9b546f9b546f4b0 is an unknown value
R9 =0xb841f2b946f9b645 is an unknown value
R10=0x00000000198aee50 is an unknown value
R11=0x000000001ddfee40 is pointing into the stack for thread: 0x000000001ae9c800
R12=0x0000000000000000 is an unknown value
R13=0x0000000000000000 is an unknown value
R14=0x0000000000000000 is an unknown value
R15=0x0000000000000010 is an unknown value


Stack: [0x00000000197b0000,0x00000000198b0000],  sp=0x00000000198aeda0,  free space=1019k
Native frames: (J=compiled Java code, j=interpreted, Vv=VM code, C=native code)


---------------  P R O C E S S  ---------------

Java Threads: ( => current thread )
  0x000000001ae9c800 JavaThread "TimerQueue" daemon [_thread_blocked, id=29072, stack(0x000000001dd00000,0x000000001de00000)]
  0x000000001ae17000 JavaThread "Swing-Shell" daemon [_thread_blocked, id=28072, stack(0x000000001cd70000,0x000000001ce70000)]
  0x0000000002ad0800 JavaThread "DestroyJavaVM" [_thread_blocked, id=27000, stack(0x0000000002650000,0x0000000002750000)]
  0x000000001aa5e800 JavaThread "AWT-EventQueue-0" [_thread_blocked, id=16096, stack(0x000000001bd90000,0x000000001be90000)]
  0x000000001aa07800 JavaThread "AWT-Windows" daemon [_thread_in_native, id=10348, stack(0x000000001b350000,0x000000001b450000)]
  0x000000001aa04800 JavaThread "AWT-Shutdown" [_thread_blocked, id=23576, stack(0x000000001b250000,0x000000001b350000)]
  0x000000001aa04000 JavaThread "Java2D Disposer" daemon [_thread_blocked, id=24372, stack(0x000000001b150000,0x000000001b250000)]
  0x0000000019aca800 JavaThread "Service Thread" daemon [_thread_blocked, id=30040, stack(0x000000001a5f0000,0x000000001a6f0000)]
  0x0000000019a3a800 JavaThread "C1 CompilerThread3" daemon [_thread_blocked, id=8444, stack(0x000000001a4f0000,0x000000001a5f0000)]
  0x0000000019a36800 JavaThread "C2 CompilerThread2" daemon [_thread_blocked, id=17668, stack(0x000000001a3f0000,0x000000001a4f0000)]
  0x0000000019a35000 JavaThread "C2 CompilerThread1" daemon [_thread_blocked, id=31584, stack(0x000000001a2f0000,0x000000001a3f0000)]
  0x00000000199dc000 JavaThread "C2 CompilerThread0" daemon [_thread_blocked, id=7412, stack(0x000000001a1f0000,0x000000001a2f0000)]
  0x00000000199ee000 JavaThread "Attach Listener" daemon [_thread_blocked, id=32308, stack(0x000000001a0f0000,0x000000001a1f0000)]
  0x0000000019a33800 JavaThread "Signal Dispatcher" daemon [_thread_blocked, id=2300, stack(0x0000000019ff0000,0x000000001a0f0000)]
  0x00000000199d0800 JavaThread "Finalizer" daemon [_thread_blocked, id=8808, stack(0x0000000019db0000,0x0000000019eb0000)]
  0x0000000017abd000 JavaThread "Reference Handler" daemon [_thread_blocked, id=30188, stack(0x00000000198b0000,0x00000000199b0000)]

Other Threads:
=>0x0000000017ab9800 VMThread [stack: 0x00000000197b0000,0x00000000198b0000] [id=26460]
  0x0000000019b3b000 WatcherThread [stack: 0x000000001a6f0000,0x000000001a7f0000] [id=4144]

VM state:at safepoint (normal execution)

VM Mutex/Monitor currently owned by a thread:  ([mutex/lock_event])
[0x000000000264b9d0] Safepoint_lock - owner thread: 0x0000000017ab9800
[0x000000000264bfd0] Threads_lock - owner thread: 0x0000000017ab9800

Heap:
 PSYoungGen      total 37888K, used 34166K [0x00000000d6500000, 0x00000000d8f00000, 0x0000000100000000)
  eden space 32768K, 88% used [0x00000000d6500000,0x00000000d8161d58,0x00000000d8500000)
  from space 5120K, 99% used [0x00000000d8500000,0x00000000d89fbba0,0x00000000d8a00000)
  to   space 5120K, 0% used [0x00000000d8a00000,0x00000000d8a00000,0x00000000d8f00000)
 ParOldGen       total 86016K, used 14277K [0x0000000082e00000, 0x0000000088200000, 0x00000000d6500000)
  object space 86016K, 16% used [0x0000000082e00000,0x0000000083bf15d8,0x0000000088200000)
 Metaspace       used 15450K, capacity 15670K, committed 15872K, reserved 1062912K
  class space    used 1951K, capacity 2027K, committed 2048K, reserved 1048576K

Card table byte_map: [0x0000000011f90000,0x0000000012380000] byte_map_base: 0x0000000011b79000

Marking Bits: (ParMarkBitMap*) 0x00000000609aa6c0
 Begin Bits: [0x0000000012e20000, 0x0000000014d68000)
 End Bits:   [0x0000000014d68000, 0x0000000016cb0000)

Polling page: 0x0000000002750000

CodeCache: size=245760Kb used=6096Kb max_used=6096Kb free=239663Kb
 bounds [0x0000000002bd0000, 0x00000000031d0000, 0x0000000011bd0000]
 total_blobs=2400 nmethods=1819 adapters=492
 compilation: enabled

Compilation events (10 events):
Event: 15.905 Thread 0x0000000019a3a800 1816       3       sun.java2d.pipe.AAShapePipe::fill (8 bytes)
Event: 15.905 Thread 0x0000000019a3a800 nmethod 1816 0x00000000031c0410 code [0x00000000031c0580, 0x00000000031c0728]
Event: 15.905 Thread 0x0000000019a3a800 1817       3       sun.java2d.pipe.AAShapePipe::renderPath (84 bytes)
Event: 15.906 Thread 0x0000000019a3a800 nmethod 1817 0x00000000031bf950 code [0x00000000031bfb00, 0x00000000031c01a8]
Event: 15.906 Thread 0x0000000019a3a800 1815       1       java.awt.image.ColorModel::getColorSpace (5 bytes)
Event: 15.906 Thread 0x0000000019a3a800 nmethod 1815 0x00000000031c6810 code [0x00000000031c6960, 0x00000000031c6a70]
Event: 15.906 Thread 0x0000000019a3a800 1818       1       java.awt.geom.RoundRectIterator::getWindingRule (2 bytes)
Event: 15.906 Thread 0x0000000019a3a800 nmethod 1818 0x00000000031c6ad0 code [0x00000000031c6c20, 0x00000000031c6d30]
Event: 15.907 Thread 0x0000000019a3a800 1819       3       javax.swing.DefaultButtonModel::isEnabled (16 bytes)
Event: 15.907 Thread 0x0000000019a3a800 nmethod 1819 0x00000000031c6d90 code [0x00000000031c6ee0, 0x00000000031c7090]

GC Heap History (2 events):
Event: 6.899 GC heap before
{Heap before GC invocations=1 (full 0):
 PSYoungGen      total 37888K, used 32768K [0x00000000d6500000, 0x00000000d8f00000, 0x0000000100000000)
  eden space 32768K, 100% used [0x00000000d6500000,0x00000000d8500000,0x00000000d8500000)
  from space 5120K, 0% used [0x00000000d8a00000,0x00000000d8a00000,0x00000000d8f00000)
  to   space 5120K, 0% used [0x00000000d8500000,0x00000000d8500000,0x00000000d8a00000)
 ParOldGen       total 86016K, used 0K [0x0000000082e00000, 0x0000000088200000, 0x00000000d6500000)
  object space 86016K, 0% used [0x0000000082e00000,0x0000000082e00000,0x0000000088200000)
 Metaspace       used 15177K, capacity 15382K, committed 15616K, reserved 1062912K
  class space    used 1930K, capacity 1995K, committed 2048K, reserved 1048576K
Event: 6.908 GC heap after
Heap after GC invocations=1 (full 0):
 PSYoungGen      total 37888K, used 5102K [0x00000000d6500000, 0x00000000d8f00000, 0x0000000100000000)
  eden space 32768K, 0% used [0x00000000d6500000,0x00000000d6500000,0x00000000d8500000)
  from space 5120K, 99% used [0x00000000d8500000,0x00000000d89fbba0,0x00000000d8a00000)
  to   space 5120K, 0% used [0x00000000d8a00000,0x00000000d8a00000,0x00000000d8f00000)
 ParOldGen       total 86016K, used 14277K [0x0000000082e00000, 0x0000000088200000, 0x00000000d6500000)
  object space 86016K, 16% used [0x0000000082e00000,0x0000000083bf15d8,0x0000000088200000)
 Metaspace       used 15177K, capacity 15382K, committed 15616K, reserved 1062912K
  class space    used 1930K, capacity 1995K, committed 2048K, reserved 1048576K
}

Deoptimization events (10 events):
Event: 2.056 Thread 0x000000001aa5e800 Uncommon trap: reason=unstable_if action=reinterpret pc=0x0000000002dc1178 method=java.lang.String.<init>([CII)V @ 18
Event: 2.105 Thread 0x000000001aa5e800 Uncommon trap: reason=class_check action=maybe_recompile pc=0x0000000002d3bee8 method=java.lang.String.equals(Ljava/lang/Object;)Z @ 8
Event: 2.110 Thread 0x000000001aa5e800 Uncommon trap: reason=class_check action=maybe_recompile pc=0x0000000002d3bee8 method=java.lang.String.equals(Ljava/lang/Object;)Z @ 8
Event: 2.110 Thread 0x000000001aa5e800 Uncommon trap: reason=class_check action=maybe_recompile pc=0x0000000002d3bee8 method=java.lang.String.equals(Ljava/lang/Object;)Z @ 8
Event: 2.110 Thread 0x000000001aa5e800 Uncommon trap: reason=class_check action=maybe_recompile pc=0x0000000002d3bee8 method=java.lang.String.equals(Ljava/lang/Object;)Z @ 8
Event: 2.187 Thread 0x000000001aa5e800 Uncommon trap: reason=unstable_if action=reinterpret pc=0x0000000002ecae80 method=java.lang.CharacterData.of(I)Ljava/lang/CharacterData; @ 4
Event: 6.919 Thread 0x000000001aa5e800 Uncommon trap: reason=unstable_if action=reinterpret pc=0x00000000030cfd1c method=sun.awt.image.OffScreenImageSource.sendPixels()V @ 663
Event: 9.009 Thread 0x000000001aa5e800 Uncommon trap: reason=unstable_if action=reinterpret pc=0x00000000031019e4 method=java.awt.Container.findComponentAtImpl(IIZ)Ljava/awt/Component; @ 131
Event: 12.070 Thread 0x000000001aa5e800 Uncommon trap: reason=null_check action=make_not_entrant pc=0x00000000031468dc method=javax.swing.plaf.nimbus.NimbusDefaults$LazyStyle.matches(Ljava/awt/Component;I)Z @ 39
Event: 15.817 Thread 0x000000001aa5e800 Uncommon trap: reason=unstable_if action=reinterpret pc=0x00000000031b5774 method=pixelManipulation.Filters.Rotar([BLorg/opencv/core/Mat;DD)Lorg/opencv/core/Mat; @ 22

Internal exceptions (10 events):
Event: 0.252 Thread 0x0000000002ad0800 Exception <a 'java/lang/ClassNotFoundException': ToolTip> (0x00000000d69433e8) thrown at [C:\re\workspace\8-2-build-windows-amd64-cygwin\jdk8u111\7883\hotspot\src\share\vm\classfile\systemDictionary.cpp, line 210]
Event: 0.253 Thread 0x0000000002ad0800 Exception <a 'java/lang/ClassNotFoundException': Tree> (0x00000000d6944008) thrown at [C:\re\workspace\8-2-build-windows-amd64-cygwin\jdk8u111\7883\hotspot\src\share\vm\classfile\systemDictionary.cpp, line 210]
Event: 0.253 Thread 0x0000000002ad0800 Exception <a 'java/lang/ClassNotFoundException': Tree> (0x00000000d6944748) thrown at [C:\re\workspace\8-2-build-windows-amd64-cygwin\jdk8u111\7883\hotspot\src\share\vm\classfile\systemDictionary.cpp, line 210]
Event: 0.253 Thread 0x0000000002ad0800 Exception <a 'java/lang/ClassNotFoundException': javax/swing/JTreeCell> (0x00000000d6944ac8) thrown at [C:\re\workspace\8-2-build-windows-amd64-cygwin\jdk8u111\7883\hotspot\src\share\vm\classfile\systemDictionary.cpp, line 210]
Event: 0.253 Thread 0x0000000002ad0800 Exception <a 'java/lang/ClassNotFoundException': TreeCell> (0x00000000d6944f50) thrown at [C:\re\workspace\8-2-build-windows-amd64-cygwin\jdk8u111\7883\hotspot\src\share\vm\classfile\systemDictionary.cpp, line 210]
Event: 0.253 Thread 0x0000000002ad0800 Exception <a 'java/lang/ClassNotFoundException': RootPane> (0x00000000d6945908) thrown at [C:\re\workspace\8-2-build-windows-amd64-cygwin\jdk8u111\7883\hotspot\src\share\vm\classfile\systemDictionary.cpp, line 210]
Event: 12.070 Thread 0x000000001aa5e800 Implicit null exception at 0x00000000031431b0 to 0x00000000031468b9
Event: 15.901 Thread 0x000000001aa5e800 Exception <a 'java/lang/Exception': unknown exception> (0x00000000d80c0750) thrown at [C:\re\workspace\8-2-build-windows-amd64-cygwin\jdk8u111\7883\hotspot\src\share\vm\prims\jni.cpp, line 735]
Event: 15.901 Thread 0x000000001aa5e800 Exception <a 'java/security/PrivilegedActionException'> (0x00000000d80c0b40) thrown at [C:\re\workspace\8-2-build-windows-amd64-cygwin\jdk8u111\7883\hotspot\src\share\vm\prims\jvm.cpp, line 1386]
Event: 15.901 Thread 0x000000001aa5e800 Exception <a 'java/security/PrivilegedActionException'> (0x00000000d80c0d50) thrown at [C:\re\workspace\8-2-build-windows-amd64-cygwin\jdk8u111\7883\hotspot\src\share\vm\prims\jvm.cpp, line 1386]

Events (10 events):
Event: 15.788 Thread 0x000000001aa5e800 DEOPT UNPACKING pc=0x0000000002c1787f sp=0x000000001be8cb30 mode 0
Event: 15.817 Thread 0x000000001aa5e800 Uncommon trap: trap_request=0xffffff65 fr.pc=0x00000000031b5774
Event: 15.817 Thread 0x000000001aa5e800 DEOPT PACKING pc=0x00000000031b5774 sp=0x000000001be8cdf0
Event: 15.817 Thread 0x000000001aa5e800 DEOPT UNPACKING pc=0x0000000002c1582a sp=0x000000001be8cdb0 mode 2
Event: 15.850 Thread 0x000000001aa5e800 DEOPT PACKING pc=0x00000000031c2c64 sp=0x000000001be8cd00
Event: 15.850 Thread 0x000000001aa5e800 DEOPT UNPACKING pc=0x0000000002c1787f sp=0x000000001be8cb30 mode 0
Event: 15.902 loading class java/lang/Throwable$WrappedPrintStream
Event: 15.902 loading class java/lang/Throwable$PrintStreamOrWriter
Event: 15.902 loading class java/lang/Throwable$PrintStreamOrWriter done
Event: 15.902 loading class java/lang/Throwable$WrappedPrintStream done


Dynamic libraries:
0x00007ff735930000 - 0x00007ff735967000 	C:\Program Files\Java\jdk1.8.0_111\bin\java.exe
0x00007ffcb6450000 - 0x00007ffcb6631000 	C:\WINDOWS\SYSTEM32\ntdll.dll
0x00007ffcb5f90000 - 0x00007ffcb6041000 	C:\WINDOWS\System32\KERNEL32.DLL
0x00007ffcb3080000 - 0x00007ffcb32f3000 	C:\WINDOWS\System32\KERNELBASE.dll
0x00007ffcb38e0000 - 0x00007ffcb3981000 	C:\WINDOWS\System32\ADVAPI32.dll
0x00007ffcb44f0000 - 0x00007ffcb458e000 	C:\WINDOWS\System32\msvcrt.dll
0x00007ffcb4310000 - 0x00007ffcb436b000 	C:\WINDOWS\System32\sechost.dll
0x00007ffcb5e50000 - 0x00007ffcb5f74000 	C:\WINDOWS\System32\RPCRT4.dll
0x00007ffcb3990000 - 0x00007ffcb3b20000 	C:\WINDOWS\System32\USER32.dll
0x00007ffcb37e0000 - 0x00007ffcb3800000 	C:\WINDOWS\System32\win32u.dll
0x00007ffcb3b50000 - 0x00007ffcb3b78000 	C:\WINDOWS\System32\GDI32.dll
0x00007ffcb3590000 - 0x00007ffcb3721000 	C:\WINDOWS\System32\gdi32full.dll
0x00007ffcb3300000 - 0x00007ffcb339f000 	C:\WINDOWS\System32\msvcp_win.dll
0x00007ffcb2870000 - 0x00007ffcb2968000 	C:\WINDOWS\System32\ucrtbase.dll
0x00007ffca4520000 - 0x00007ffca4789000 	C:\WINDOWS\WinSxS\amd64_microsoft.windows.common-controls_6595b64144ccf1df_6.0.17134.829_none_fb46a5473061b9d5\COMCTL32.dll
0x00007ffcb6050000 - 0x00007ffcb6372000 	C:\WINDOWS\System32\combase.dll
0x00007ffcb3860000 - 0x00007ffcb38da000 	C:\WINDOWS\System32\bcryptPrimitives.dll
0x00007ffcb3b20000 - 0x00007ffcb3b4d000 	C:\WINDOWS\System32\IMM32.DLL
0x0000000060c20000 - 0x0000000060cf2000 	C:\Program Files\Java\jdk1.8.0_111\jre\bin\msvcr100.dll
0x0000000060190000 - 0x0000000060a2a000 	C:\Program Files\Java\jdk1.8.0_111\jre\bin\server\jvm.dll
0x00007ffcb3b80000 - 0x00007ffcb3b88000 	C:\WINDOWS\System32\PSAPI.DLL
0x00007ffcad150000 - 0x00007ffcad159000 	C:\WINDOWS\SYSTEM32\WSOCK32.dll
0x00007ffca6ce0000 - 0x00007ffca6d03000 	C:\WINDOWS\SYSTEM32\WINMM.dll
0x00007ffcadc00000 - 0x00007ffcadc0a000 	C:\WINDOWS\SYSTEM32\VERSION.dll
0x00007ffcb5de0000 - 0x00007ffcb5e4c000 	C:\WINDOWS\System32\WS2_32.dll
0x00007ffca5ce0000 - 0x00007ffca5d0a000 	C:\WINDOWS\SYSTEM32\winmmbase.dll
0x00007ffcb2820000 - 0x00007ffcb2869000 	C:\WINDOWS\System32\cfgmgr32.dll
0x0000000062330000 - 0x000000006233f000 	C:\Program Files\Java\jdk1.8.0_111\jre\bin\verify.dll
0x0000000060160000 - 0x0000000060189000 	C:\Program Files\Java\jdk1.8.0_111\jre\bin\java.dll
0x0000000060140000 - 0x0000000060156000 	C:\Program Files\Java\jdk1.8.0_111\jre\bin\zip.dll
0x00007ffcb4990000 - 0x00007ffcb5dd0000 	C:\WINDOWS\System32\SHELL32.dll
0x00007ffcb46e0000 - 0x00007ffcb4789000 	C:\WINDOWS\System32\shcore.dll
0x00007ffcb2970000 - 0x00007ffcb307d000 	C:\WINDOWS\System32\windows.storage.dll
0x00007ffcb4790000 - 0x00007ffcb47e1000 	C:\WINDOWS\System32\shlwapi.dll
0x00007ffcb27f0000 - 0x00007ffcb2801000 	C:\WINDOWS\System32\kernel.appcore.dll
0x00007ffcb2780000 - 0x00007ffcb279f000 	C:\WINDOWS\System32\profapi.dll
0x00007ffcb27a0000 - 0x00007ffcb27ec000 	C:\WINDOWS\System32\powrprof.dll
0x00007ffcb2810000 - 0x00007ffcb281a000 	C:\WINDOWS\System32\FLTLIB.DLL
0x000000005ff60000 - 0x00000000600f8000 	C:\Program Files\Java\jdk1.8.0_111\jre\bin\awt.dll
0x00007ffcb4610000 - 0x00007ffcb46d2000 	C:\WINDOWS\System32\OLEAUT32.dll
0x00007ffcafad0000 - 0x00007ffcafb5b000 	C:\WINDOWS\SYSTEM32\apphelp.dll
0x00007ffcb0810000 - 0x00007ffcb08a8000 	C:\WINDOWS\system32\uxtheme.dll
0x00007ffcb4370000 - 0x00007ffcb44e3000 	C:\WINDOWS\System32\MSCTF.dll
0x00007ffcb0ad0000 - 0x00007ffcb0af9000 	C:\WINDOWS\system32\dwmapi.dll
0x00007ffcb3b90000 - 0x00007ffcb3ce1000 	C:\WINDOWS\System32\ole32.dll
0x000000005ff10000 - 0x000000005ff57000 	C:\Program Files\Java\jdk1.8.0_111\jre\bin\fontmanager.dll
0x0000000060120000 - 0x000000006013a000 	C:\Program Files\Java\jdk1.8.0_111\jre\bin\net.dll
0x00007ffcb1f80000 - 0x00007ffcb1fe6000 	C:\WINDOWS\system32\mswsock.dll
0x0000000060100000 - 0x0000000060111000 	C:\Program Files\Java\jdk1.8.0_111\jre\bin\nio.dll
0x000000005fec0000 - 0x000000005ff02000 	C:\Program Files\Java\jdk1.8.0_111\jre\bin\t2k.dll
0x00007ffc3e540000 - 0x00007ffc3fdc5000 	C:\Users\farao\OneDrive\Documentos\Procesamiento de Imagenes\Practica2_IM\Practica2_IM\x64\opencv_java300.dll
0x00007ffc9bd80000 - 0x00007ffc9bda9000 	C:\WINDOWS\SYSTEM32\MSVFW32.dll
0x00007ffca68b0000 - 0x00007ffca68cf000 	C:\WINDOWS\SYSTEM32\AVIFIL32.dll
0x00007ffca2e40000 - 0x00007ffca2e58000 	C:\WINDOWS\SYSTEM32\AVICAP32.dll
0x00007ffca7910000 - 0x00007ffca792c000 	C:\WINDOWS\SYSTEM32\MSACM32.dll
0x00007ffc9dae0000 - 0x00007ffc9db76000 	C:\WINDOWS\System32\TextInputFramework.dll
0x00007ffc9b490000 - 0x00007ffc9b7ae000 	C:\WINDOWS\System32\CoreUIComponents.dll
0x00007ffcaf6f0000 - 0x00007ffcaf7ca000 	C:\WINDOWS\System32\CoreMessaging.dll
0x00007ffcb1830000 - 0x00007ffcb1861000 	C:\WINDOWS\SYSTEM32\ntmarta.dll
0x00007ffcadea0000 - 0x00007ffcadfed000 	C:\WINDOWS\SYSTEM32\wintypes.dll
0x000000005fe90000 - 0x000000005feba000 	C:\Program Files\Java\jdk1.8.0_111\jre\bin\dcpr.dll
0x00007ffca0f50000 - 0x00007ffca0ff7000 	C:\WINDOWS\WinSxS\amd64_microsoft.windows.common-controls_6595b64144ccf1df_5.82.17134.829_none_f94fe9573097fa34\comctl32.dll
0x00007ffcb6380000 - 0x00007ffcb6420000 	C:\WINDOWS\System32\clbcatq.dll
0x00007ffcb0d10000 - 0x00007ffcb0ec4000 	C:\WINDOWS\SYSTEM32\PROPSYS.dll
0x00007ffca35e0000 - 0x00007ffca3c7b000 	C:\Windows\System32\OneCoreUAPCommonProxyStub.dll
0x00007ffc80480000 - 0x00007ffc805a7000 	C:\WINDOWS\system32\NetworkExplorer.dll
0x00007ffca9af0000 - 0x00007ffca9b0a000 	C:\WINDOWS\SYSTEM32\MPR.dll
0x00007ffcad0a0000 - 0x00007ffcad0ab000 	C:\WINDOWS\System32\drprov.dll
0x00007ffcb2560000 - 0x00007ffcb25b6000 	C:\WINDOWS\System32\WINSTA.dll
0x00007ffcabf90000 - 0x00007ffcabfa6000 	C:\WINDOWS\System32\ntlanman.dll
0x00007ffca9b10000 - 0x00007ffca9b2d000 	C:\WINDOWS\System32\davclnt.dll
0x00007ffc8f240000 - 0x00007ffc8f24c000 	C:\WINDOWS\System32\DAVHLPR.dll
0x00007ffcacab0000 - 0x00007ffcacac7000 	C:\WINDOWS\System32\wkscli.dll
0x00007ffcb2260000 - 0x00007ffcb2285000 	C:\WINDOWS\System32\bcrypt.dll
0x00007ffcaa930000 - 0x00007ffcaa942000 	C:\WINDOWS\SYSTEM32\cscapi.dll
0x00007ffcb1e10000 - 0x00007ffcb1e1e000 	C:\WINDOWS\System32\netutils.dll
0x00007ffc86330000 - 0x00007ffc8637a000 	C:\Windows\System32\dlnashext.dll
0x00007ffc87d00000 - 0x00007ffc87d63000 	C:\Windows\System32\PlayToDevice.dll
0x00007ffcafab0000 - 0x00007ffcaface000 	C:\Windows\System32\DevDispItemProvider.dll
0x00007ffcac610000 - 0x00007ffcac686000 	C:\WINDOWS\System32\MMDevApi.dll
0x00007ffcb2510000 - 0x00007ffcb2537000 	C:\WINDOWS\System32\DEVOBJ.dll
0x00007ffc76830000 - 0x00007ffc76a11000 	C:\WINDOWS\system32\wpdshext.dll
0x00007ffca6550000 - 0x00007ffca66eb000 	C:\WINDOWS\WinSxS\amd64_microsoft.windows.gdiplus_6595b64144ccf1df_1.1.17134.829_none_2c31982c8af433a3\gdiplus.dll
0x00007ffc82910000 - 0x00007ffc829ac000 	C:\Windows\System32\PortableDeviceApi.dll
0x00007ffcb3e40000 - 0x00007ffcb428b000 	C:\WINDOWS\System32\SETUPAPI.dll
0x00007ffcb3800000 - 0x00007ffcb3857000 	C:\WINDOWS\System32\WINTRUST.dll
0x00007ffcb2760000 - 0x00007ffcb2772000 	C:\WINDOWS\System32\MSASN1.dll
0x00007ffcb33a0000 - 0x00007ffcb3582000 	C:\WINDOWS\System32\CRYPT32.dll
0x00007ffc91ae0000 - 0x00007ffc91b17000 	C:\Windows\System32\EhStorShell.dll
0x00007ffc961b0000 - 0x00007ffc961d5000 	C:\Windows\System32\EhStorAPI.dll
0x00007ffcadc30000 - 0x00007ffcadc43000 	C:\Windows\System32\WTSAPI32.dll
0x00007ffcab450000 - 0x00007ffcab45d000 	C:\WINDOWS\SYSTEM32\LINKINFO.dll
0x00007ffc9a130000 - 0x00007ffc9a2de000 	C:\WINDOWS\SYSTEM32\WindowsCodecs.dll
0x00007ffc8bef0000 - 0x00007ffc8bf48000 	C:\WINDOWS\system32\dataexchange.dll
0x00007ffcaf350000 - 0x00007ffcaf4ec000 	C:\WINDOWS\system32\dcomp.dll
0x00007ffcaed00000 - 0x00007ffcaf00b000 	C:\WINDOWS\system32\d3d11.dll
0x00007ffcb1450000 - 0x00007ffcb150b000 	C:\WINDOWS\system32\dxgi.dll
0x00007ffcb08e0000 - 0x00007ffcb0a98000 	C:\WINDOWS\system32\twinapi.appcore.dll
0x00007ffcb0aa0000 - 0x00007ffcb0ac9000 	C:\WINDOWS\system32\RMCLIENT.dll

VM Arguments:
jvm_args: -Dfile.encoding=UTF-8 
java_command: view.Inicio
java_class_path (initial): C:\Users\farao\OneDrive\Documentos\Procesamiento de Imagenes\Practica2_IM\Practica2_IM\opencv-300.jar;C:\Users\farao\OneDrive\Documentos\Procesamiento de Imagenes\Practica2_IM\Practica2_IM\build\classes
Launcher Type: SUN_STANDARD

Environment Variables:
PATH=C:\ProgramData\Oracle\Java\javapath;C:\windows\system32;C:\windows;C:\windows\System32\Wbem;C:\windows\System32\WindowsPowerShell\v1.0\;C:\Program Files (x86)\NVIDIA Corporation\PhysX\Common;C:\WINDOWS\system32;C:\WINDOWS;C:\WINDOWS\System32\Wbem;C:\WINDOWS\System32\WindowsPowerShell\v1.0\;C:\WINDOWS\System32\OpenSSH\;C:\Program Files\Intel\WiFi\bin\;C:\Program Files\Common Files\Intel\WirelessCommon\;C:\Program Files\MySQL\MySQL Shell 8.0\bin\
USERNAME=Luis
OS=Windows_NT
PROCESSOR_IDENTIFIER=Intel64 Family 6 Model 158 Stepping 10, GenuineIntel



---------------  S Y S T E M  ---------------

OS: Windows 10.0 , 64 bit Build 17134 (10.0.17134.753)

CPU:total 8 (4 cores per cpu, 2 threads per core) family 6 model 158 stepping 10, cmov, cx8, fxsr, mmx, sse, sse2, sse3, ssse3, sse4.1, sse4.2, popcnt, avx, avx2, aes, clmul, erms, 3dnowpref, lzcnt, ht, tsc, tscinvbit, bmi1, bmi2, adx

Memory: 4k page, physical 8192512k(2963736k free), swap 15794688k(6311864k free)

vm_info: Java HotSpot(TM) 64-Bit Server VM (25.111-b14) for windows-amd64 JRE (1.8.0_111-b14), built on Sep 22 2016 19:24:05 by "java_re" with MS VC++ 10.0 (VS2010)

time: Sun Jun 30 23:07:47 2019
elapsed time: 16 seconds (0d 0h 0m 16s)

